Using pre-set license
Built from '2020.3/staging' branch; Version is '2020.3.10f1 (297d780c91bc) revision 2719096'; Using compiler version '192528614'; Build Type 'Release'
OS: 'Windows 10 Education; OS build 19043.1387; Version 2009; 64bit' Language: 'ko' Physical Memory: 16245 MB
BatchMode: 1, IsHumanControllingUs: 0, StartBugReporterOnCrash: 0, Is64bit: 1, IsPro: 0

 COMMAND LINE ARGUMENTS:
C:\Program Files\Unity\Hub\Editor\2020.3.10f1\Editor\Unity.exe
-adb2
-batchMode
-noUpm
-name
AssetImportWorker0
-projectPath
C:/Users/FusionSoftware/Desktop/Survivor
-logFile
Logs/AssetImportWorker0.log
-srvPort
53867
Successfully changed project path to: C:/Users/FusionSoftware/Desktop/Survivor
C:/Users/FusionSoftware/Desktop/Survivor
Using Asset Import Pipeline V2.
Refreshing native plugins compatible for Editor in 34.22 ms, found 3 plugins.
Preloading 0 native plugins for Editor in 0.00 ms.
Initialize engine version: 2020.3.10f1 (297d780c91bc)
[Subsystems] Discovering subsystems at path C:/Program Files/Unity/Hub/Editor/2020.3.10f1/Editor/Data/Resources/UnitySubsystems
[Subsystems] Discovering subsystems at path C:/Users/FusionSoftware/Desktop/Survivor/Assets
GfxDevice: creating device client; threaded=0
Direct3D:
    Version:  Direct3D 11.0 [level 11.1]
    Renderer: Intel(R) UHD Graphics 630 (ID=0x9bc5)
    Vendor:   
    VRAM:     8122 MB
    Driver:   27.20.100.9316
Initialize mono
Mono path[0] = 'C:/Program Files/Unity/Hub/Editor/2020.3.10f1/Editor/Data/Managed'
Mono path[1] = 'C:/Program Files/Unity/Hub/Editor/2020.3.10f1/Editor/Data/MonoBleedingEdge/lib/mono/unityjit'
Mono config path = 'C:/Program Files/Unity/Hub/Editor/2020.3.10f1/Editor/Data/MonoBleedingEdge/etc'
Using monoOptions --debugger-agent=transport=dt_socket,embedding=1,server=y,suspend=n,address=127.0.0.1:56692
Begin MonoManager ReloadAssembly
Registering precompiled unity dll's ...
Register platform support module: C:/Program Files/Unity/Hub/Editor/2020.3.10f1/Editor/Data/PlaybackEngines/WindowsStandaloneSupport/UnityEditor.WindowsStandalone.Extensions.dll
Registered in 0.001306 seconds.
Native extension for WindowsStandalone target not found
Refreshing native plugins compatible for Editor in 35.22 ms, found 3 plugins.
Preloading 0 native plugins for Editor in 0.00 ms.
Mono: successfully reloaded assembly
- Completed reload, in  1.333 seconds
Platform modules already initialized, skipping
Registering precompiled user dll's ...
Registered in 0.002830 seconds.
Begin MonoManager ReloadAssembly
Native extension for WindowsStandalone target not found
Refreshing native plugins compatible for Editor in 34.23 ms, found 3 plugins.
Preloading 0 native plugins for Editor in 0.00 ms.
Mono: successfully reloaded assembly
- Completed reload, in  0.822 seconds
Platform modules already initialized, skipping
========================================================================
Worker process is ready to serve import requests
Launched and connected shader compiler UnityShaderCompiler.exe after 0.02 seconds
Refreshing native plugins compatible for Editor in 0.46 ms, found 3 plugins.
Preloading 0 native plugins for Editor in 0.00 ms.
Unloading 2117 Unused Serialized files (Serialized files now loaded: 0)
System memory in use before: 98.1 MB.
System memory in use after: 98.2 MB.

Unloading 28 unused Assets to reduce memory usage. Loaded Objects now: 2556.
Total: 1.880500 ms (FindLiveObjects: 0.177300 ms CreateObjectMapping: 0.068800 ms MarkObjects: 1.586300 ms  DeleteObjects: 0.047200 ms)

========================================================================
Received Import Request.
  path: Assets/Script/Item
  artifactKey: Guid(64ac25fa6825053428a51c8512f188ab) Importer(815301076,1909f56bfc062723c751e8b465ee728b)
Start importing Assets/Script/Item using Guid(64ac25fa6825053428a51c8512f188ab) Importer(815301076,1909f56bfc062723c751e8b465ee728b)  -> (artifact id: '8c5a74bd98ef2c60902482dc60cab7a9') in 0.003708 seconds
  Import took 0.005957 seconds .

========================================================================
Received Prepare
Registering precompiled user dll's ...
Registered in 0.002498 seconds.
Begin MonoManager ReloadAssembly
Native extension for WindowsStandalone target not found
Refreshing native plugins compatible for Editor in 0.42 ms, found 3 plugins.
Preloading 0 native plugins for Editor in 0.00 ms.
Mono: successfully reloaded assembly
- Completed reload, in  0.747 seconds
Platform modules already initialized, skipping
Refreshing native plugins compatible for Editor in 0.42 ms, found 3 plugins.
Preloading 0 native plugins for Editor in 0.00 ms.
Unloading 2094 Unused Serialized files (Serialized files now loaded: 0)
System memory in use before: 96.3 MB.
System memory in use after: 96.4 MB.

Unloading 16 unused Assets to reduce memory usage. Loaded Objects now: 2559.
Total: 2.173500 ms (FindLiveObjects: 0.226200 ms CreateObjectMapping: 0.105900 ms MarkObjects: 1.825000 ms  DeleteObjects: 0.015700 ms)

========================================================================
Received Import Request.
  Time since last request: 6.089727 seconds.
  path: Assets/Script/Item/Item.cs
  artifactKey: Guid(84e0a60dac7e9fc479fd25c0b35c19f9) Importer(815301076,1909f56bfc062723c751e8b465ee728b)
Start importing Assets/Script/Item/Item.cs using Guid(84e0a60dac7e9fc479fd25c0b35c19f9) Importer(815301076,1909f56bfc062723c751e8b465ee728b)  -> (artifact id: '6ac8f68579a48b037ddf8fb38af3477e') in 0.013017 seconds
  Import took 0.015807 seconds .

========================================================================
Received Prepare
Registering precompiled user dll's ...
Registered in 0.002918 seconds.
Begin MonoManager ReloadAssembly
Native extension for WindowsStandalone target not found
Refreshing native plugins compatible for Editor in 0.47 ms, found 3 plugins.
Preloading 0 native plugins for Editor in 0.00 ms.
Mono: successfully reloaded assembly
- Completed reload, in  0.765 seconds
Platform modules already initialized, skipping
Refreshing native plugins compatible for Editor in 0.42 ms, found 3 plugins.
Preloading 0 native plugins for Editor in 0.00 ms.
Unloading 2094 Unused Serialized files (Serialized files now loaded: 0)
System memory in use before: 96.4 MB.
System memory in use after: 96.5 MB.

Unloading 16 unused Assets to reduce memory usage. Loaded Objects now: 2562.
Total: 1.793700 ms (FindLiveObjects: 0.172500 ms CreateObjectMapping: 0.074100 ms MarkObjects: 1.533300 ms  DeleteObjects: 0.013300 ms)

========================================================================
Received Import Request.
  Time since last request: 28.691382 seconds.
  path: Assets/Script/Item/Item.cs
  artifactKey: Guid(84e0a60dac7e9fc479fd25c0b35c19f9) Importer(815301076,1909f56bfc062723c751e8b465ee728b)
Start importing Assets/Script/Item/Item.cs using Guid(84e0a60dac7e9fc479fd25c0b35c19f9) Importer(815301076,1909f56bfc062723c751e8b465ee728b)  -> (artifact id: '6e6282f75ca9bf646234462c727b62c8') in 0.003773 seconds
  Import took 0.006121 seconds .

========================================================================
Received Import Request.
  Time since last request: 6.489888 seconds.
  path: Assets/Script/Item/ExpItem.cs
  artifactKey: Guid(8566e18f80921784e9a9c02df432a6b5) Importer(815301076,1909f56bfc062723c751e8b465ee728b)
Start importing Assets/Script/Item/ExpItem.cs using Guid(8566e18f80921784e9a9c02df432a6b5) Importer(815301076,1909f56bfc062723c751e8b465ee728b)  -> (artifact id: 'c07d9e558ae04b1fba56286589b50298') in 0.007437 seconds
  Import took 0.010580 seconds .

========================================================================
Received Prepare
Registering precompiled user dll's ...
Registered in 0.002687 seconds.
Begin MonoManager ReloadAssembly
Native extension for WindowsStandalone target not found
Refreshing native plugins compatible for Editor in 0.43 ms, found 3 plugins.
Preloading 0 native plugins for Editor in 0.00 ms.
Mono: successfully reloaded assembly
- Completed reload, in  0.758 seconds
Platform modules already initialized, skipping
Refreshing native plugins compatible for Editor in 0.38 ms, found 3 plugins.
Preloading 0 native plugins for Editor in 0.00 ms.
Unloading 2095 Unused Serialized files (Serialized files now loaded: 0)
System memory in use before: 96.4 MB.
System memory in use after: 96.5 MB.

Unloading 16 unused Assets to reduce memory usage. Loaded Objects now: 2566.
Total: 1.837600 ms (FindLiveObjects: 0.171700 ms CreateObjectMapping: 0.071600 ms MarkObjects: 1.581100 ms  DeleteObjects: 0.012600 ms)

========================================================================
Received Import Request.
  Time since last request: 17.748306 seconds.
  path: Assets/Script/Item/ExpItem.cs
  artifactKey: Guid(8566e18f80921784e9a9c02df432a6b5) Importer(815301076,1909f56bfc062723c751e8b465ee728b)
Start importing Assets/Script/Item/ExpItem.cs using Guid(8566e18f80921784e9a9c02df432a6b5) Importer(815301076,1909f56bfc062723c751e8b465ee728b)  -> (artifact id: '78a7cc60b390f9eaf5fad4721d446846') in 0.006283 seconds
  Import took 0.009135 seconds .

========================================================================
Received Import Request.
  Time since last request: 1.658356 seconds.
  path: Assets/Script/Player
  artifactKey: Guid(6226b3368258a2a4499c28260efbfd5f) Importer(815301076,1909f56bfc062723c751e8b465ee728b)
Start importing Assets/Script/Player using Guid(6226b3368258a2a4499c28260efbfd5f) Importer(815301076,1909f56bfc062723c751e8b465ee728b)  -> (artifact id: '62182ebb2d10f6ef4363405e136d27ff') in 0.006573 seconds
  Import took 0.009362 seconds .

========================================================================
Received Import Request.
  Time since last request: 4.053070 seconds.
  path: Assets/Script/Player/PlayerInfomation.cs
  artifactKey: Guid(8929765edaf7cfb418b0c0492f4dfd0e) Importer(815301076,1909f56bfc062723c751e8b465ee728b)
Start importing Assets/Script/Player/PlayerInfomation.cs using Guid(8929765edaf7cfb418b0c0492f4dfd0e) Importer(815301076,1909f56bfc062723c751e8b465ee728b)  -> (artifact id: 'bf61e818466e8471f5bd8f1af6bae399') in 0.004310 seconds
  Import took 0.006884 seconds .

========================================================================
Received Import Request.
  Time since last request: 0.067381 seconds.
  path: Assets/Script/Player/PlayerInfomation.cs
  artifactKey: Guid(8929765edaf7cfb418b0c0492f4dfd0e) Importer(815301076,1909f56bfc062723c751e8b465ee728b)
Start importing Assets/Script/Player/PlayerInfomation.cs using Guid(8929765edaf7cfb418b0c0492f4dfd0e) Importer(815301076,1909f56bfc062723c751e8b465ee728b)  -> (artifact id: 'bf61e818466e8471f5bd8f1af6bae399') in 0.003795 seconds
  Import took 0.006332 seconds .

========================================================================
Received Import Request.
  Time since last request: 4.705141 seconds.
  path: Assets/Script/Player/MainCharacterScript.cs
  artifactKey: Guid(a04e3c30e4b1f3747b54ec9a34d65cce) Importer(815301076,1909f56bfc062723c751e8b465ee728b)
Start importing Assets/Script/Player/MainCharacterScript.cs using Guid(a04e3c30e4b1f3747b54ec9a34d65cce) Importer(815301076,1909f56bfc062723c751e8b465ee728b)  -> (artifact id: '1a59e99c837f81d050f02cea5e8ddbca') in 0.007569 seconds
  Import took 0.010368 seconds .

========================================================================
Received Import Request.
  Time since last request: 0.001000 seconds.
  path: Assets/Script/Player/MainCharacterScript.cs
  artifactKey: Guid(a04e3c30e4b1f3747b54ec9a34d65cce) Importer(815301076,1909f56bfc062723c751e8b465ee728b)
Start importing Assets/Script/Player/MainCharacterScript.cs using Guid(a04e3c30e4b1f3747b54ec9a34d65cce) Importer(815301076,1909f56bfc062723c751e8b465ee728b)  -> (artifact id: '1a59e99c837f81d050f02cea5e8ddbca') in 0.002368 seconds
  Import took 0.005420 seconds .

========================================================================
Received Prepare
Registering precompiled user dll's ...
Registered in 0.002738 seconds.
Begin MonoManager ReloadAssembly
Native extension for WindowsStandalone target not found
Refreshing native plugins compatible for Editor in 0.43 ms, found 3 plugins.
Preloading 0 native plugins for Editor in 0.00 ms.
Mono: successfully reloaded assembly
- Completed reload, in  0.748 seconds
Platform modules already initialized, skipping
Refreshing native plugins compatible for Editor in 0.39 ms, found 3 plugins.
Preloading 0 native plugins for Editor in 0.00 ms.
Unloading 2095 Unused Serialized files (Serialized files now loaded: 0)
System memory in use before: 96.4 MB.
System memory in use after: 96.6 MB.

Unloading 16 unused Assets to reduce memory usage. Loaded Objects now: 2569.
Total: 1.899900 ms (FindLiveObjects: 0.170200 ms CreateObjectMapping: 0.067800 ms MarkObjects: 1.648400 ms  DeleteObjects: 0.012800 ms)

========================================================================
Received Import Request.
  Time since last request: 73.673410 seconds.
  path: Assets/Script/Player/MainCharacterScript.cs
  artifactKey: Guid(a04e3c30e4b1f3747b54ec9a34d65cce) Importer(815301076,1909f56bfc062723c751e8b465ee728b)
Start importing Assets/Script/Player/MainCharacterScript.cs using Guid(a04e3c30e4b1f3747b54ec9a34d65cce) Importer(815301076,1909f56bfc062723c751e8b465ee728b)  -> (artifact id: 'b6ea2264db9928583aa3fd05e3abea4d') in 0.003952 seconds
  Import took 0.006272 seconds .

========================================================================
Received Import Request.
  Time since last request: 17.130149 seconds.
  path: Assets/Script/Item/MagnetItem.cs
  artifactKey: Guid(2d9b56b0a04e2c64b876df82f6234961) Importer(815301076,1909f56bfc062723c751e8b465ee728b)
Start importing Assets/Script/Item/MagnetItem.cs using Guid(2d9b56b0a04e2c64b876df82f6234961) Importer(815301076,1909f56bfc062723c751e8b465ee728b)  -> (artifact id: '7e3c3cf63e6e8e130309d6bd82f7d4fd') in 0.005575 seconds
  Import took 0.009624 seconds .

========================================================================
Received Prepare
Registering precompiled user dll's ...
Registered in 0.002577 seconds.
Begin MonoManager ReloadAssembly
Native extension for WindowsStandalone target not found
Refreshing native plugins compatible for Editor in 0.44 ms, found 3 plugins.
Preloading 0 native plugins for Editor in 0.00 ms.
Mono: successfully reloaded assembly
- Completed reload, in  0.750 seconds
Platform modules already initialized, skipping
Refreshing native plugins compatible for Editor in 0.40 ms, found 3 plugins.
Preloading 0 native plugins for Editor in 0.00 ms.
Unloading 2096 Unused Serialized files (Serialized files now loaded: 0)
System memory in use before: 96.5 MB.
System memory in use after: 96.6 MB.

Unloading 16 unused Assets to reduce memory usage. Loaded Objects now: 2573.
Total: 1.824300 ms (FindLiveObjects: 0.144500 ms CreateObjectMapping: 0.065800 ms MarkObjects: 1.600200 ms  DeleteObjects: 0.013100 ms)

========================================================================
Received Prepare
Registering precompiled user dll's ...
Registered in 0.002625 seconds.
Begin MonoManager ReloadAssembly
Native extension for WindowsStandalone target not found
Refreshing native plugins compatible for Editor in 0.42 ms, found 3 plugins.
Preloading 0 native plugins for Editor in 0.00 ms.
Mono: successfully reloaded assembly
- Completed reload, in  0.740 seconds
Platform modules already initialized, skipping
Refreshing native plugins compatible for Editor in 0.42 ms, found 3 plugins.
Preloading 0 native plugins for Editor in 0.00 ms.
Unloading 2096 Unused Serialized files (Serialized files now loaded: 0)
System memory in use before: 96.5 MB.
System memory in use after: 96.6 MB.

Unloading 16 unused Assets to reduce memory usage. Loaded Objects now: 2576.
Total: 2.038200 ms (FindLiveObjects: 0.178400 ms CreateObjectMapping: 0.070800 ms MarkObjects: 1.775100 ms  DeleteObjects: 0.013300 ms)

========================================================================
Received Import Request.
  Time since last request: 20.733284 seconds.
  path: Assets/Script/Item/MagnetItem.cs
  artifactKey: Guid(2d9b56b0a04e2c64b876df82f6234961) Importer(815301076,1909f56bfc062723c751e8b465ee728b)
Start importing Assets/Script/Item/MagnetItem.cs using Guid(2d9b56b0a04e2c64b876df82f6234961) Importer(815301076,1909f56bfc062723c751e8b465ee728b)  -> (artifact id: '6332cbf9051e18c88e9ab9233210b28e') in 0.003850 seconds
  Import took 0.006289 seconds .

========================================================================
Received Import Request.
  Time since last request: 129.069440 seconds.
  path: Assets/Script/NaviUI.cs
  artifactKey: Guid(0fb90fea7affb2c46a93b35e7324eb2a) Importer(815301076,1909f56bfc062723c751e8b465ee728b)
Start importing Assets/Script/NaviUI.cs using Guid(0fb90fea7affb2c46a93b35e7324eb2a) Importer(815301076,1909f56bfc062723c751e8b465ee728b)  -> (artifact id: '581a08805d9bf28130af7b0f32560562') in 0.004741 seconds
  Import took 0.007446 seconds .

========================================================================
Received Import Request.
  Time since last request: 0.017661 seconds.
  path: Assets/Script/NaviUI.cs
  artifactKey: Guid(0fb90fea7affb2c46a93b35e7324eb2a) Importer(815301076,1909f56bfc062723c751e8b465ee728b)
Start importing Assets/Script/NaviUI.cs using Guid(0fb90fea7affb2c46a93b35e7324eb2a) Importer(815301076,1909f56bfc062723c751e8b465ee728b)  -> (artifact id: '581a08805d9bf28130af7b0f32560562') in 0.002430 seconds
  Import took 0.005474 seconds .

========================================================================
Received Import Request.
  Time since last request: 77.660047 seconds.
  path: Assets/Script/Item/ClearItem.cs
  artifactKey: Guid(921f111be8e3f304890b7a7f4e0b99ae) Importer(815301076,1909f56bfc062723c751e8b465ee728b)
Start importing Assets/Script/Item/ClearItem.cs using Guid(921f111be8e3f304890b7a7f4e0b99ae) Importer(815301076,1909f56bfc062723c751e8b465ee728b)  -> (artifact id: 'c6f0a7846ce8040aed715cf0a1d07a0b') in 0.006182 seconds
  Import took 0.009873 seconds .

========================================================================
Received Prepare
Registering precompiled user dll's ...
Registered in 0.002934 seconds.
Begin MonoManager ReloadAssembly
Native extension for WindowsStandalone target not found
Refreshing native plugins compatible for Editor in 0.44 ms, found 3 plugins.
Preloading 0 native plugins for Editor in 0.00 ms.
Mono: successfully reloaded assembly
- Completed reload, in  0.761 seconds
Platform modules already initialized, skipping
Refreshing native plugins compatible for Editor in 0.39 ms, found 3 plugins.
Preloading 0 native plugins for Editor in 0.00 ms.
Unloading 2097 Unused Serialized files (Serialized files now loaded: 0)
System memory in use before: 96.5 MB.
System memory in use after: 96.6 MB.

Unloading 16 unused Assets to reduce memory usage. Loaded Objects now: 2580.
Total: 1.825300 ms (FindLiveObjects: 0.150800 ms CreateObjectMapping: 0.075300 ms MarkObjects: 1.584900 ms  DeleteObjects: 0.013600 ms)

========================================================================
Received Prepare
Registering precompiled user dll's ...
Registered in 0.002697 seconds.
Begin MonoManager ReloadAssembly
Native extension for WindowsStandalone target not found
Refreshing native plugins compatible for Editor in 0.43 ms, found 3 plugins.
Preloading 0 native plugins for Editor in 0.00 ms.
Mono: successfully reloaded assembly
- Completed reload, in  0.741 seconds
Platform modules already initialized, skipping
Refreshing native plugins compatible for Editor in 0.39 ms, found 3 plugins.
Preloading 0 native plugins for Editor in 0.00 ms.
Unloading 2097 Unused Serialized files (Serialized files now loaded: 0)
System memory in use before: 96.5 MB.
System memory in use after: 96.6 MB.

Unloading 16 unused Assets to reduce memory usage. Loaded Objects now: 2583.
Total: 1.815500 ms (FindLiveObjects: 0.168100 ms CreateObjectMapping: 0.064300 ms MarkObjects: 1.568900 ms  DeleteObjects: 0.013700 ms)

========================================================================
Received Import Request.
  Time since last request: 58.646183 seconds.
  path: Assets/Resource
  artifactKey: Guid(d4888df25efd786448c92d6afe9d0155) Importer(815301076,1909f56bfc062723c751e8b465ee728b)
Start importing Assets/Resource using Guid(d4888df25efd786448c92d6afe9d0155) Importer(815301076,1909f56bfc062723c751e8b465ee728b)  -> (artifact id: '347eaded4480ed3b1361b2c1574b6754') in 0.008715 seconds
  Import took 0.011742 seconds .

========================================================================
Received Import Request.
  Time since last request: 0.001978 seconds.
  path: Assets/Resource
  artifactKey: Guid(d4888df25efd786448c92d6afe9d0155) Importer(815301076,1909f56bfc062723c751e8b465ee728b)
Start importing Assets/Resource using Guid(d4888df25efd786448c92d6afe9d0155) Importer(815301076,1909f56bfc062723c751e8b465ee728b)  -> (artifact id: '347eaded4480ed3b1361b2c1574b6754') in 0.002564 seconds
  Import took 0.005163 seconds .

========================================================================
Received Import Request.
  Time since last request: 3.761022 seconds.
  path: Assets/Resource/Item
  artifactKey: Guid(e4968b83f0b8360409714c138ae32266) Importer(815301076,1909f56bfc062723c751e8b465ee728b)
Start importing Assets/Resource/Item using Guid(e4968b83f0b8360409714c138ae32266) Importer(815301076,1909f56bfc062723c751e8b465ee728b)  -> (artifact id: '8f821aba9ad659904fe7432dea6078b9') in 0.002298 seconds
  Import took 0.005226 seconds .

========================================================================
Received Import Request.
  Time since last request: 37.420404 seconds.
  path: Assets/Resource/Item/mana_health_energy.png
  artifactKey: Guid(5d2ebbe0212a5d64c93af94d45621917) Importer(815301076,1909f56bfc062723c751e8b465ee728b)
Start importing Assets/Resource/Item/mana_health_energy.png using Guid(5d2ebbe0212a5d64c93af94d45621917) Importer(815301076,1909f56bfc062723c751e8b465ee728b)  -> (artifact id: '6e5bd0c265f59b540c44cea114cc20e5') in 0.083016 seconds
  Import took 0.085740 seconds .

========================================================================
Received Import Request.
  Time since last request: 16.364353 seconds.
  path: Assets/Resource/Item/mana_health_energy.png
  artifactKey: Guid(5d2ebbe0212a5d64c93af94d45621917) Importer(815301076,1909f56bfc062723c751e8b465ee728b)
Start importing Assets/Resource/Item/mana_health_energy.png using Guid(5d2ebbe0212a5d64c93af94d45621917) Importer(815301076,1909f56bfc062723c751e8b465ee728b)  -> (artifact id: 'babf3cd37b84479d43022328d61f175d') in 0.007285 seconds
  Import took 0.010841 seconds .

========================================================================
Received Import Request.
  Time since last request: 19.270864 seconds.
  path: Assets/Resource/Item/mana_health_energy.png
  artifactKey: Guid(5d2ebbe0212a5d64c93af94d45621917) Importer(815301076,1909f56bfc062723c751e8b465ee728b)
Start importing Assets/Resource/Item/mana_health_energy.png using Guid(5d2ebbe0212a5d64c93af94d45621917) Importer(815301076,1909f56bfc062723c751e8b465ee728b)  -> (artifact id: 'a37429d9ae7e17fee61a3e1c0ef0c553') in 0.020332 seconds
  Import took 0.023605 seconds .

========================================================================
Received Import Request.
  Time since last request: 9.869481 seconds.
  path: Assets/Resource/Item/mana_health_energy.png
  artifactKey: Guid(5d2ebbe0212a5d64c93af94d45621917) Importer(815301076,1909f56bfc062723c751e8b465ee728b)
Start importing Assets/Resource/Item/mana_health_energy.png using Guid(5d2ebbe0212a5d64c93af94d45621917) Importer(815301076,1909f56bfc062723c751e8b465ee728b)  -> (artifact id: 'bcfd4dda741854f3135f68256535a59f') in 0.018984 seconds
  Import took 0.022562 seconds .

========================================================================
Received Import Request.
  Time since last request: 217.379082 seconds.
  path: Assets/Prefab/Weapon/DarkWhip.prefab
  artifactKey: Guid(62fc6657d09cf0e428453159829e8db0) Importer(815301076,1909f56bfc062723c751e8b465ee728b)
Start importing Assets/Prefab/Weapon/DarkWhip.prefab using Guid(62fc6657d09cf0e428453159829e8db0) Importer(815301076,1909f56bfc062723c751e8b465ee728b)  -> (artifact id: 'd8ffd3ba9e04d1c77d1434c187d4c6ba') in 0.036021 seconds
  Import took 0.038952 seconds .

========================================================================
Received Import Request.
  Time since last request: 0.000205 seconds.
  path: Assets/Prefab/Weapon/WaterWave.prefab
  artifactKey: Guid(e96620c494dfe2449962150542995cf5) Importer(815301076,1909f56bfc062723c751e8b465ee728b)
Start importing Assets/Prefab/Weapon/WaterWave.prefab using Guid(e96620c494dfe2449962150542995cf5) Importer(815301076,1909f56bfc062723c751e8b465ee728b)  -> (artifact id: '9ec96a95af537504ae2717a43a6aa4f0') in 0.014675 seconds
  Import took 0.017887 seconds .

========================================================================
Received Import Request.
  Time since last request: 0.000224 seconds.
  path: Assets/Prefab/Weapon/IceBullet.prefab
  artifactKey: Guid(ccb74265af9631447b879fa80c3280e9) Importer(815301076,1909f56bfc062723c751e8b465ee728b)
Start importing Assets/Prefab/Weapon/IceBullet.prefab using Guid(ccb74265af9631447b879fa80c3280e9) Importer(815301076,1909f56bfc062723c751e8b465ee728b)  -> (artifact id: 'adfca8a1eb8f445c678889f64e69ba39') in 0.015305 seconds
  Import took 0.018138 seconds .

========================================================================
Received Import Request.
  Time since last request: 0.000154 seconds.
  path: Assets/Prefab/Weapon/LightingBolt.prefab
  artifactKey: Guid(73163fc6c262b5e4aac9fe394b1c1aa1) Importer(815301076,1909f56bfc062723c751e8b465ee728b)
Start importing Assets/Prefab/Weapon/LightingBolt.prefab using Guid(73163fc6c262b5e4aac9fe394b1c1aa1) Importer(815301076,1909f56bfc062723c751e8b465ee728b)  -> (artifact id: '05b975a7314c0becc317c2178d965f33') in 0.018442 seconds
  Import took 0.021386 seconds .

========================================================================
Received Import Request.
  Time since last request: 0.000173 seconds.
  path: Assets/Prefab/Weapon/IceBullet.prefab
  artifactKey: Guid(ccb74265af9631447b879fa80c3280e9) Importer(815301076,1909f56bfc062723c751e8b465ee728b)
Start importing Assets/Prefab/Weapon/IceBullet.prefab using Guid(ccb74265af9631447b879fa80c3280e9) Importer(815301076,1909f56bfc062723c751e8b465ee728b)  -> (artifact id: 'adfca8a1eb8f445c678889f64e69ba39') in 0.007212 seconds
  Import took 0.009996 seconds .

========================================================================
Received Import Request.
  Time since last request: 0.000275 seconds.
  path: Assets/Prefab/Weapon/PumkinTracer.prefab
  artifactKey: Guid(17fa1a3ec8149354e92e0205ffe9897d) Importer(815301076,1909f56bfc062723c751e8b465ee728b)
Start importing Assets/Prefab/Weapon/PumkinTracer.prefab using Guid(17fa1a3ec8149354e92e0205ffe9897d) Importer(815301076,1909f56bfc062723c751e8b465ee728b)  -> (artifact id: 'c8f9749115c8461eb8fdc2dee7565c61') in 0.012189 seconds
  Import took 0.015973 seconds .

========================================================================
Received Import Request.
  Time since last request: 0.000178 seconds.
  path: Assets/Prefab/Weapon/ThunderRing.prefab
  artifactKey: Guid(23d54eab180b0c246a060dcbdf6cb15b) Importer(815301076,1909f56bfc062723c751e8b465ee728b)
Start importing Assets/Prefab/Weapon/ThunderRing.prefab using Guid(23d54eab180b0c246a060dcbdf6cb15b) Importer(815301076,1909f56bfc062723c751e8b465ee728b)  -> (artifact id: 'dc1da4b9f7d3212ffaf91cf8a2ff8652') in 0.011628 seconds
  Import took 0.015473 seconds .

========================================================================
Received Import Request.
  Time since last request: 0.000348 seconds.
  path: Assets/Prefab/Weapon/WaterAxe.prefab
  artifactKey: Guid(002c2ad15e64a6e4284bc18cdbac78ab) Importer(815301076,1909f56bfc062723c751e8b465ee728b)
Start importing Assets/Prefab/Weapon/WaterAxe.prefab using Guid(002c2ad15e64a6e4284bc18cdbac78ab) Importer(815301076,1909f56bfc062723c751e8b465ee728b)  -> (artifact id: 'f366f49bc6eb7eb45b502fc5c9c7dbc1') in 0.010468 seconds
  Import took 0.014723 seconds .

========================================================================
Received Import Request.
  Time since last request: 0.002961 seconds.
  path: Assets/Prefab/Weapon/WaterAxe.prefab
  artifactKey: Guid(002c2ad15e64a6e4284bc18cdbac78ab) Importer(815301076,1909f56bfc062723c751e8b465ee728b)
Start importing Assets/Prefab/Weapon/WaterAxe.prefab using Guid(002c2ad15e64a6e4284bc18cdbac78ab) Importer(815301076,1909f56bfc062723c751e8b465ee728b)  -> (artifact id: 'f366f49bc6eb7eb45b502fc5c9c7dbc1') in 0.007583 seconds
  Import took 0.010762 seconds .

========================================================================
Received Import Request.
  Time since last request: 3.662286 seconds.
  path: Assets/Prefab/Player/Player.prefab
  artifactKey: Guid(3a24ee7378a4ae44b9c6eb829e3ea57d) Importer(815301076,1909f56bfc062723c751e8b465ee728b)
Start importing Assets/Prefab/Player/Player.prefab using Guid(3a24ee7378a4ae44b9c6eb829e3ea57d) Importer(815301076,1909f56bfc062723c751e8b465ee728b)  -> (artifact id: '2e898d5b666536a5772d53f2f41d849f') in 0.019999 seconds
  Import took 0.022989 seconds .

========================================================================
Received Import Request.
  Time since last request: 0.575085 seconds.
  path: Assets/Prefab/Bullet/DarkSkull.prefab
  artifactKey: Guid(6f76b4348b44adf44bab874efa2bd7af) Importer(815301076,1909f56bfc062723c751e8b465ee728b)
Start importing Assets/Prefab/Bullet/DarkSkull.prefab using Guid(6f76b4348b44adf44bab874efa2bd7af) Importer(815301076,1909f56bfc062723c751e8b465ee728b)  -> (artifact id: '8b5ca5cbd3adf05de28f9538349a8848') in 0.009013 seconds
  Import took 0.011960 seconds .

========================================================================
Received Import Request.
  Time since last request: 0.000309 seconds.
  path: Assets/Prefab/Bullet/DarkWhipEffect.prefab
  artifactKey: Guid(7778fdc80494a244bb7be5298e91bb64) Importer(815301076,1909f56bfc062723c751e8b465ee728b)
Start importing Assets/Prefab/Bullet/DarkWhipEffect.prefab using Guid(7778fdc80494a244bb7be5298e91bb64) Importer(815301076,1909f56bfc062723c751e8b465ee728b)  -> (artifact id: 'b2b0500f1ca202ac9d29c59db2faac5e') in 0.010085 seconds
  Import took 0.013485 seconds .

========================================================================
Received Import Request.
  Time since last request: 0.000167 seconds.
  path: Assets/Prefab/Bullet/WaterAxeBullet.prefab
  artifactKey: Guid(26cf1bb60fb0b71438881e8072b5dbf4) Importer(815301076,1909f56bfc062723c751e8b465ee728b)
Start importing Assets/Prefab/Bullet/WaterAxeBullet.prefab using Guid(26cf1bb60fb0b71438881e8072b5dbf4) Importer(815301076,1909f56bfc062723c751e8b465ee728b)  -> (artifact id: '1c2f9c79052cf33590e464d5076571a7') in 0.010108 seconds
  Import took 0.013480 seconds .

========================================================================
Received Import Request.
  Time since last request: 0.000228 seconds.
  path: Assets/Prefab/Bullet/PumkinTracer.prefab
  artifactKey: Guid(13af6919bd39b924e8e5953513b899c5) Importer(815301076,1909f56bfc062723c751e8b465ee728b)
Start importing Assets/Prefab/Bullet/PumkinTracer.prefab using Guid(13af6919bd39b924e8e5953513b899c5) Importer(815301076,1909f56bfc062723c751e8b465ee728b)  -> (artifact id: '26a4b6ae6dbdab0e7d28193499906076') in 0.012122 seconds
  Import took 0.015145 seconds .

========================================================================
Received Import Request.
  Time since last request: 0.000179 seconds.
  path: Assets/Prefab/Bullet/LightingBoltEffect .prefab
  artifactKey: Guid(75f673d9520b26b4b95caef3a27b6211) Importer(815301076,1909f56bfc062723c751e8b465ee728b)
Start importing Assets/Prefab/Bullet/LightingBoltEffect .prefab using Guid(75f673d9520b26b4b95caef3a27b6211) Importer(815301076,1909f56bfc062723c751e8b465ee728b)  -> (artifact id: '41848a8f88ad21caf08aefcc15f00683') in 0.010734 seconds
  Import took 0.013982 seconds .

========================================================================
Received Import Request.
  Time since last request: 0.000202 seconds.
  path: Assets/Prefab/Bullet/ThunderRing.prefab
  artifactKey: Guid(2a635cac8d2a6f744abfd3da195d615e) Importer(815301076,1909f56bfc062723c751e8b465ee728b)
Start importing Assets/Prefab/Bullet/ThunderRing.prefab using Guid(2a635cac8d2a6f744abfd3da195d615e) Importer(815301076,1909f56bfc062723c751e8b465ee728b)  -> (artifact id: '88180a04c6dd6c9648c9a397c56d6289') in 0.010662 seconds
  Import took 0.014312 seconds .

========================================================================
Received Import Request.
  Time since last request: 9.899916 seconds.
  path: Assets/Prefab/Item
  artifactKey: Guid(eb0a6b1a10df7d741b446bb7a4873892) Importer(815301076,1909f56bfc062723c751e8b465ee728b)
Start importing Assets/Prefab/Item using Guid(eb0a6b1a10df7d741b446bb7a4873892) Importer(815301076,1909f56bfc062723c751e8b465ee728b)  -> (artifact id: '46a0c66a50a9c00b3f9373e089d71bb5') in 0.002258 seconds
  Import took 0.005919 seconds .

========================================================================
Received Import Request.
  Time since last request: 3.714046 seconds.
  path: Assets/Prefab/Item/Drop ExpItem Lv.1.prefab
  artifactKey: Guid(c9f75614145c73c4a9604052717d0ee4) Importer(815301076,1909f56bfc062723c751e8b465ee728b)
Start importing Assets/Prefab/Item/Drop ExpItem Lv.1.prefab using Guid(c9f75614145c73c4a9604052717d0ee4) Importer(815301076,1909f56bfc062723c751e8b465ee728b)  -> (artifact id: 'a39b9037dec05afbb5328b650be25dc5') in 0.008890 seconds
  Import took 0.011794 seconds .

========================================================================
Received Import Request.
  Time since last request: 0.001263 seconds.
  path: Assets/Prefab/Item/Drop ExpItem Lv.1.prefab
  artifactKey: Guid(c9f75614145c73c4a9604052717d0ee4) Importer(815301076,1909f56bfc062723c751e8b465ee728b)
Start importing Assets/Prefab/Item/Drop ExpItem Lv.1.prefab using Guid(c9f75614145c73c4a9604052717d0ee4) Importer(815301076,1909f56bfc062723c751e8b465ee728b)  -> (artifact id: 'a39b9037dec05afbb5328b650be25dc5') in 0.006331 seconds
  Import took 0.009271 seconds .

========================================================================
Received Import Request.
  Time since last request: 1.045200 seconds.
  path: Assets/Prefab/Item/Drop ExpItem Lv.2.prefab
  artifactKey: Guid(1756194fd0becdd4c95efbb2ec72c504) Importer(815301076,1909f56bfc062723c751e8b465ee728b)
Start importing Assets/Prefab/Item/Drop ExpItem Lv.2.prefab using Guid(1756194fd0becdd4c95efbb2ec72c504) Importer(815301076,1909f56bfc062723c751e8b465ee728b)  -> (artifact id: 'e92242556ce0312c2b4609a4251222f3') in 0.009267 seconds
  Import took 0.012164 seconds .

========================================================================
Received Import Request.
  Time since last request: 1.104001 seconds.
  path: Assets/Prefab/Item/Drop ExpItem Lv.3.prefab
  artifactKey: Guid(bbee6c41d451a98438e112b56e48dc17) Importer(815301076,1909f56bfc062723c751e8b465ee728b)
Start importing Assets/Prefab/Item/Drop ExpItem Lv.3.prefab using Guid(bbee6c41d451a98438e112b56e48dc17) Importer(815301076,1909f56bfc062723c751e8b465ee728b)  -> (artifact id: 'd61b925f63b23b8998ef631e319805c2') in 0.008646 seconds
  Import took 0.012142 seconds .

========================================================================
Received Import Request.
  Time since last request: 13.606360 seconds.
  path: Assets/Prefab/Item/Drop ExpItem Lv.1.prefab
  artifactKey: Guid(c9f75614145c73c4a9604052717d0ee4) Importer(815301076,1909f56bfc062723c751e8b465ee728b)
Start importing Assets/Prefab/Item/Drop ExpItem Lv.1.prefab using Guid(c9f75614145c73c4a9604052717d0ee4) Importer(815301076,1909f56bfc062723c751e8b465ee728b)  -> (artifact id: 'a2ed26b95633dd16bee734ef72d0cb66') in 0.005928 seconds
  Import took 0.008786 seconds .

========================================================================
Received Import Request.
  Time since last request: 0.000231 seconds.
  path: Assets/Prefab/Item/Drop ExpItem Lv.3.prefab
  artifactKey: Guid(bbee6c41d451a98438e112b56e48dc17) Importer(815301076,1909f56bfc062723c751e8b465ee728b)
Start importing Assets/Prefab/Item/Drop ExpItem Lv.3.prefab using Guid(bbee6c41d451a98438e112b56e48dc17) Importer(815301076,1909f56bfc062723c751e8b465ee728b)  -> (artifact id: '63109c263227e151cfc925609126ed00') in 0.007235 seconds
  Import took 0.010682 seconds .

========================================================================
Received Import Request.
  Time since last request: 0.000190 seconds.
  path: Assets/Prefab/Item/Drop ExpItem Lv.2.prefab
  artifactKey: Guid(1756194fd0becdd4c95efbb2ec72c504) Importer(815301076,1909f56bfc062723c751e8b465ee728b)
Start importing Assets/Prefab/Item/Drop ExpItem Lv.2.prefab using Guid(1756194fd0becdd4c95efbb2ec72c504) Importer(815301076,1909f56bfc062723c751e8b465ee728b)  -> (artifact id: '0e6435f91b9587f3804a709808ce4bcc') in 0.005920 seconds
  Import took 0.008809 seconds .

========================================================================
Received Import Request.
  Time since last request: 0.992819 seconds.
  path: Assets/Prefab/Item/Drop ExpItem Lv.1.prefab
  artifactKey: Guid(c9f75614145c73c4a9604052717d0ee4) Importer(815301076,1909f56bfc062723c751e8b465ee728b)
Start importing Assets/Prefab/Item/Drop ExpItem Lv.1.prefab using Guid(c9f75614145c73c4a9604052717d0ee4) Importer(815301076,1909f56bfc062723c751e8b465ee728b)  -> (artifact id: 'aa3df14631f05768167f05144e814de1') in 0.005942 seconds
  Import took 0.008784 seconds .

========================================================================
Received Import Request.
  Time since last request: 0.000204 seconds.
  path: Assets/Prefab/Item/Drop ExpItem Lv.3.prefab
  artifactKey: Guid(bbee6c41d451a98438e112b56e48dc17) Importer(815301076,1909f56bfc062723c751e8b465ee728b)
Start importing Assets/Prefab/Item/Drop ExpItem Lv.3.prefab using Guid(bbee6c41d451a98438e112b56e48dc17) Importer(815301076,1909f56bfc062723c751e8b465ee728b)  -> (artifact id: '0535f46c77321e09b3232169c935fab2') in 0.007267 seconds
  Import took 0.010216 seconds .

========================================================================
Received Import Request.
  Time since last request: 0.000232 seconds.
  path: Assets/Prefab/Item/Drop ExpItem Lv.2.prefab
  artifactKey: Guid(1756194fd0becdd4c95efbb2ec72c504) Importer(815301076,1909f56bfc062723c751e8b465ee728b)
Start importing Assets/Prefab/Item/Drop ExpItem Lv.2.prefab using Guid(1756194fd0becdd4c95efbb2ec72c504) Importer(815301076,1909f56bfc062723c751e8b465ee728b)  -> (artifact id: '7fd9f77a93988f0a45850edd5888e310') in 0.005557 seconds
  Import took 0.008443 seconds .

========================================================================
Received Import Request.
  Time since last request: 24.465660 seconds.
  path: Assets/Resource/Item/Magnet.png
  artifactKey: Guid(761c1401b17ceab4ea2fdfd18e9b2eee) Importer(815301076,1909f56bfc062723c751e8b465ee728b)
Start importing Assets/Resource/Item/Magnet.png using Guid(761c1401b17ceab4ea2fdfd18e9b2eee) Importer(815301076,1909f56bfc062723c751e8b465ee728b)  -> (artifact id: 'c563ac9565ba5836105032f32cee35c2') in 0.009232 seconds
  Import took 0.013075 seconds .

========================================================================
Received Import Request.
  Time since last request: 11.896850 seconds.
  path: Assets/Resource/Item/Magnet.png
  artifactKey: Guid(761c1401b17ceab4ea2fdfd18e9b2eee) Importer(815301076,1909f56bfc062723c751e8b465ee728b)
Start importing Assets/Resource/Item/Magnet.png using Guid(761c1401b17ceab4ea2fdfd18e9b2eee) Importer(815301076,1909f56bfc062723c751e8b465ee728b)  -> (artifact id: 'f33efc3c36a4758cdf6dc42e6382d011') in 0.005081 seconds
  Import took 0.008131 seconds .

========================================================================
Received Import Request.
  Time since last request: 0.000729 seconds.
  path: Assets/Resource/Item/Magnet.png
  artifactKey: Guid(761c1401b17ceab4ea2fdfd18e9b2eee) Importer(815301076,1909f56bfc062723c751e8b465ee728b)
Start importing Assets/Resource/Item/Magnet.png using Guid(761c1401b17ceab4ea2fdfd18e9b2eee) Importer(815301076,1909f56bfc062723c751e8b465ee728b)  -> (artifact id: 'f33efc3c36a4758cdf6dc42e6382d011') in 0.005513 seconds
  Import took 0.008544 seconds .

========================================================================
Received Import Request.
  Time since last request: 19.726494 seconds.
  path: Assets/Resource/Item/Smallize.png
  artifactKey: Guid(35d343dfcf7b51d488eed19f0491254a) Importer(815301076,1909f56bfc062723c751e8b465ee728b)
Start importing Assets/Resource/Item/Smallize.png using Guid(35d343dfcf7b51d488eed19f0491254a) Importer(815301076,1909f56bfc062723c751e8b465ee728b)  -> (artifact id: 'badb3f29942d459fcee905305ad5cc05') in 0.010890 seconds
  Import took 0.014075 seconds .

========================================================================
Received Import Request.
  Time since last request: 67.717871 seconds.
  path: Assets/Resource/Item/bomb.gif
  artifactKey: Guid(b85ecd9e8dba29a4facf4c5be54091ca) Importer(815301076,1909f56bfc062723c751e8b465ee728b)
Start importing Assets/Resource/Item/bomb.gif using Guid(b85ecd9e8dba29a4facf4c5be54091ca) Importer(815301076,1909f56bfc062723c751e8b465ee728b)  -> (artifact id: '32d6c06423330a64907a5c1c785c00ed') in 0.011365 seconds
  Import took 0.014487 seconds .

========================================================================
Received Import Request.
  Time since last request: 13.167866 seconds.
  path: Assets/Resource/Item/bomb.gif
  artifactKey: Guid(b85ecd9e8dba29a4facf4c5be54091ca) Importer(815301076,1909f56bfc062723c751e8b465ee728b)
Start importing Assets/Resource/Item/bomb.gif using Guid(b85ecd9e8dba29a4facf4c5be54091ca) Importer(815301076,1909f56bfc062723c751e8b465ee728b)  -> (artifact id: '322a57e770584192fdc0c7c63c9da1ec') in 0.005080 seconds
  Import took 0.008075 seconds .

========================================================================
Received Import Request.
  Time since last request: 5.613065 seconds.
  path: Assets/Resource/Item/Magnet.png
  artifactKey: Guid(761c1401b17ceab4ea2fdfd18e9b2eee) Importer(815301076,1909f56bfc062723c751e8b465ee728b)
Start importing Assets/Resource/Item/Magnet.png using Guid(761c1401b17ceab4ea2fdfd18e9b2eee) Importer(815301076,1909f56bfc062723c751e8b465ee728b)  -> (artifact id: 'b8c44a5798be5a69b5ac3765b94eac08') in 0.005451 seconds
  Import took 0.008448 seconds .

========================================================================
Received Import Request.
  Time since last request: 2.900400 seconds.
  path: Assets/Resource/Item/Smallize.png
  artifactKey: Guid(35d343dfcf7b51d488eed19f0491254a) Importer(815301076,1909f56bfc062723c751e8b465ee728b)
Start importing Assets/Resource/Item/Smallize.png using Guid(35d343dfcf7b51d488eed19f0491254a) Importer(815301076,1909f56bfc062723c751e8b465ee728b)  -> (artifact id: '47ed05b5ea73eead21013f5d0593a35d') in 0.005824 seconds
  Import took 0.008626 seconds .

========================================================================
Received Import Request.
  Time since last request: 5.107521 seconds.
  path: Assets/Resource/Item/Smallize.png
  artifactKey: Guid(35d343dfcf7b51d488eed19f0491254a) Importer(815301076,1909f56bfc062723c751e8b465ee728b)
Start importing Assets/Resource/Item/Smallize.png using Guid(35d343dfcf7b51d488eed19f0491254a) Importer(815301076,1909f56bfc062723c751e8b465ee728b)  -> (artifact id: 'd447df9949a4ac5591349bac343d62e5') in 0.005417 seconds
  Import took 0.008393 seconds .

========================================================================
Received Import Request.
  Time since last request: 0.000876 seconds.
  path: Assets/Resource/Item/Smallize.png
  artifactKey: Guid(35d343dfcf7b51d488eed19f0491254a) Importer(815301076,1909f56bfc062723c751e8b465ee728b)
Start importing Assets/Resource/Item/Smallize.png using Guid(35d343dfcf7b51d488eed19f0491254a) Importer(815301076,1909f56bfc062723c751e8b465ee728b)  -> (artifact id: 'd447df9949a4ac5591349bac343d62e5') in 0.006043 seconds
  Import took 0.009174 seconds .

========================================================================
Received Import Request.
  Time since last request: 303.797433 seconds.
  path: Assets/Script/Weapon/Bullet
  artifactKey: Guid(86c05bc8cee86c8419eb75e5771b8742) Importer(815301076,1909f56bfc062723c751e8b465ee728b)
Start importing Assets/Script/Weapon/Bullet using Guid(86c05bc8cee86c8419eb75e5771b8742) Importer(815301076,1909f56bfc062723c751e8b465ee728b)  -> (artifact id: '3f681fa5427aaa204e1ff958ddcb06ef') in 0.005718 seconds
  Import took 0.009088 seconds .

========================================================================
Received Import Request.
  Time since last request: 17.489402 seconds.
  path: Assets/Prefab/Item/Drop ClearItem.prefab
  artifactKey: Guid(8bd733bd3a45a464eb7693b1783e90e2) Importer(815301076,1909f56bfc062723c751e8b465ee728b)
Start importing Assets/Prefab/Item/Drop ClearItem.prefab using Guid(8bd733bd3a45a464eb7693b1783e90e2) Importer(815301076,1909f56bfc062723c751e8b465ee728b)  -> (artifact id: 'cc894c31e3da8ef186de9409cd1843e2') in 0.009549 seconds
  Import took 0.012866 seconds .

========================================================================
Received Import Request.
  Time since last request: 1.081836 seconds.
  path: Assets/Prefab/Item/Drop MagnetItem.prefab
  artifactKey: Guid(2b55572408292874db71a62b3d5be239) Importer(815301076,1909f56bfc062723c751e8b465ee728b)
Start importing Assets/Prefab/Item/Drop MagnetItem.prefab using Guid(2b55572408292874db71a62b3d5be239) Importer(815301076,1909f56bfc062723c751e8b465ee728b)  -> (artifact id: '5579349b89b0e7165a8aeaf109276ff4') in 0.008743 seconds
  Import took 0.011735 seconds .

========================================================================
Received Prepare
Registering precompiled user dll's ...
Registered in 0.002959 seconds.
Begin MonoManager ReloadAssembly
Native extension for WindowsStandalone target not found
Refreshing native plugins compatible for Editor in 0.44 ms, found 3 plugins.
Preloading 0 native plugins for Editor in 0.00 ms.
Mono: successfully reloaded assembly
- Completed reload, in  0.764 seconds
Platform modules already initialized, skipping
Refreshing native plugins compatible for Editor in 0.42 ms, found 3 plugins.
Preloading 0 native plugins for Editor in 0.00 ms.
Unloading 2098 Unused Serialized files (Serialized files now loaded: 0)
System memory in use before: 99.7 MB.
System memory in use after: 99.8 MB.

Unloading 16 unused Assets to reduce memory usage. Loaded Objects now: 2611.
Total: 2.076000 ms (FindLiveObjects: 0.193300 ms CreateObjectMapping: 0.093600 ms MarkObjects: 1.774000 ms  DeleteObjects: 0.014200 ms)

========================================================================
Received Prepare
Registering precompiled user dll's ...
Registered in 0.002618 seconds.
Begin MonoManager ReloadAssembly
Native extension for WindowsStandalone target not found
Refreshing native plugins compatible for Editor in 0.43 ms, found 3 plugins.
Preloading 0 native plugins for Editor in 0.00 ms.
Mono: successfully reloaded assembly
- Completed reload, in  0.748 seconds
Platform modules already initialized, skipping
Refreshing native plugins compatible for Editor in 0.44 ms, found 3 plugins.
Preloading 0 native plugins for Editor in 0.00 ms.
Unloading 2098 Unused Serialized files (Serialized files now loaded: 0)
System memory in use before: 99.7 MB.
System memory in use after: 99.8 MB.

Unloading 16 unused Assets to reduce memory usage. Loaded Objects now: 2614.
Total: 1.782100 ms (FindLiveObjects: 0.147900 ms CreateObjectMapping: 0.064800 ms MarkObjects: 1.555900 ms  DeleteObjects: 0.012900 ms)

========================================================================
Received Prepare
Registering precompiled user dll's ...
Registered in 0.002572 seconds.
Begin MonoManager ReloadAssembly
Native extension for WindowsStandalone target not found
Refreshing native plugins compatible for Editor in 0.46 ms, found 3 plugins.
Preloading 0 native plugins for Editor in 0.00 ms.
Mono: successfully reloaded assembly
- Completed reload, in  0.745 seconds
Platform modules already initialized, skipping
Refreshing native plugins compatible for Editor in 0.39 ms, found 3 plugins.
Preloading 0 native plugins for Editor in 0.00 ms.
Unloading 2098 Unused Serialized files (Serialized files now loaded: 0)
System memory in use before: 99.7 MB.
System memory in use after: 99.8 MB.

Unloading 16 unused Assets to reduce memory usage. Loaded Objects now: 2617.
Total: 1.811800 ms (FindLiveObjects: 0.150900 ms CreateObjectMapping: 0.068100 ms MarkObjects: 1.579700 ms  DeleteObjects: 0.012400 ms)

========================================================================
Received Import Request.
  Time since last request: 48.448218 seconds.
  path: Assets/Script/Item/SmallizeItem.cs
  artifactKey: Guid(f920f7acecb3e864b878b7212aee7776) Importer(815301076,1909f56bfc062723c751e8b465ee728b)
Start importing Assets/Script/Item/SmallizeItem.cs using Guid(f920f7acecb3e864b878b7212aee7776) Importer(815301076,1909f56bfc062723c751e8b465ee728b)  -> (artifact id: '263bd5c85e1c5677755227f2c253405a') in 0.007568 seconds
  Import took 0.010727 seconds .

========================================================================
Received Import Request.
  Time since last request: 0.001104 seconds.
  path: Assets/Script/Item/SmallizeItem.cs
  artifactKey: Guid(f920f7acecb3e864b878b7212aee7776) Importer(815301076,1909f56bfc062723c751e8b465ee728b)
Start importing Assets/Script/Item/SmallizeItem.cs using Guid(f920f7acecb3e864b878b7212aee7776) Importer(815301076,1909f56bfc062723c751e8b465ee728b)  -> (artifact id: '263bd5c85e1c5677755227f2c253405a') in 0.002137 seconds
  Import took 0.004853 seconds .

========================================================================
Received Prepare
Registering precompiled user dll's ...
Registered in 0.002636 seconds.
Begin MonoManager ReloadAssembly
Native extension for WindowsStandalone target not found
Refreshing native plugins compatible for Editor in 0.44 ms, found 3 plugins.
Preloading 0 native plugins for Editor in 0.00 ms.
Mono: successfully reloaded assembly
- Completed reload, in  0.737 seconds
Platform modules already initialized, skipping
Refreshing native plugins compatible for Editor in 0.39 ms, found 3 plugins.
Preloading 0 native plugins for Editor in 0.00 ms.
Unloading 2098 Unused Serialized files (Serialized files now loaded: 0)
System memory in use before: 99.7 MB.
System memory in use after: 99.8 MB.

Unloading 16 unused Assets to reduce memory usage. Loaded Objects now: 2620.
Total: 1.870900 ms (FindLiveObjects: 0.153000 ms CreateObjectMapping: 0.067900 ms MarkObjects: 1.636700 ms  DeleteObjects: 0.012700 ms)

========================================================================
Received Import Request.
  Time since last request: 27.376848 seconds.
  path: Assets/Script/Item/SmallizeItem.cs
  artifactKey: Guid(f920f7acecb3e864b878b7212aee7776) Importer(815301076,1909f56bfc062723c751e8b465ee728b)
Start importing Assets/Script/Item/SmallizeItem.cs using Guid(f920f7acecb3e864b878b7212aee7776) Importer(815301076,1909f56bfc062723c751e8b465ee728b)  -> (artifact id: '1c147d144e2f655cf529606c47b0400e') in 0.003890 seconds
  Import took 0.006301 seconds .

========================================================================
Received Import Request.
  Time since last request: 55.913018 seconds.
  path: Assets/Prefab/Item/Drop SmallizeItem.prefab
  artifactKey: Guid(98b5c10e205c4ec4b9228d3de8fb47ac) Importer(815301076,1909f56bfc062723c751e8b465ee728b)
Start importing Assets/Prefab/Item/Drop SmallizeItem.prefab using Guid(98b5c10e205c4ec4b9228d3de8fb47ac) Importer(815301076,1909f56bfc062723c751e8b465ee728b)  -> (artifact id: 'c8d6e59b4bd396632c2da37654cd97e2') in 0.040406 seconds
  Import took 0.043547 seconds .

========================================================================
Received Import Request.
  Time since last request: 84.653384 seconds.
  path: Assets/Prefab/Bullet/Wave.prefab
  artifactKey: Guid(6f551c5ec98d1864ba715a4d5a164884) Importer(815301076,1909f56bfc062723c751e8b465ee728b)
Start importing Assets/Prefab/Bullet/Wave.prefab using Guid(6f551c5ec98d1864ba715a4d5a164884) Importer(815301076,1909f56bfc062723c751e8b465ee728b)  -> (artifact id: 'ae66a6bfec307df9fcacbd8212d25524') in 0.013413 seconds
  Import took 0.016683 seconds .

========================================================================
Received Import Request.
  Time since last request: 8.027594 seconds.
  path: Assets/Prefab/Bullet/ClearWave.prefab
  artifactKey: Guid(6f551c5ec98d1864ba715a4d5a164884) Importer(815301076,1909f56bfc062723c751e8b465ee728b)
Start importing Assets/Prefab/Bullet/ClearWave.prefab using Guid(6f551c5ec98d1864ba715a4d5a164884) Importer(815301076,1909f56bfc062723c751e8b465ee728b)  -> (artifact id: '5bca0d243694c19ac6c621a054a720c6') in 0.010754 seconds
  Import took 0.014113 seconds .

========================================================================
Received Import Request.
  Time since last request: 53.405269 seconds.
  path: Assets/Script/ButtonScript.cs
  artifactKey: Guid(db6e6b0bc7dc9204abf1bdc84c94149a) Importer(815301076,1909f56bfc062723c751e8b465ee728b)
Start importing Assets/Script/ButtonScript.cs using Guid(db6e6b0bc7dc9204abf1bdc84c94149a) Importer(815301076,1909f56bfc062723c751e8b465ee728b)  -> (artifact id: 'f929e6e81e065a113d63079deec851e8') in 0.005630 seconds
  Import took 0.008657 seconds .

========================================================================
Received Import Request.
  Time since last request: 0.000379 seconds.
  path: Assets/Script/ButtonScript.cs
  artifactKey: Guid(db6e6b0bc7dc9204abf1bdc84c94149a) Importer(815301076,1909f56bfc062723c751e8b465ee728b)
Start importing Assets/Script/ButtonScript.cs using Guid(db6e6b0bc7dc9204abf1bdc84c94149a) Importer(815301076,1909f56bfc062723c751e8b465ee728b)  -> (artifact id: 'f929e6e81e065a113d63079deec851e8') in 0.002457 seconds
  Import took 0.005296 seconds .

========================================================================
Received Import Request.
  Time since last request: 10.597626 seconds.
  path: Assets/Script/ClearWave.cs
  artifactKey: Guid(4b4a407e40f905642a30dbbcd7a66fac) Importer(815301076,1909f56bfc062723c751e8b465ee728b)
Start importing Assets/Script/ClearWave.cs using Guid(4b4a407e40f905642a30dbbcd7a66fac) Importer(815301076,1909f56bfc062723c751e8b465ee728b)  -> (artifact id: '3ab829461383d0e3fcfc15d02ffa612d') in 0.001837 seconds
  Import took 0.005067 seconds .

========================================================================
Received Prepare
Registering precompiled user dll's ...
Registered in 0.002678 seconds.
Begin MonoManager ReloadAssembly
Native extension for WindowsStandalone target not found
Refreshing native plugins compatible for Editor in 0.44 ms, found 3 plugins.
Preloading 0 native plugins for Editor in 0.00 ms.
Mono: successfully reloaded assembly
- Completed reload, in  0.757 seconds
Platform modules already initialized, skipping
Refreshing native plugins compatible for Editor in 0.44 ms, found 3 plugins.
Preloading 0 native plugins for Editor in 0.00 ms.
Unloading 2099 Unused Serialized files (Serialized files now loaded: 0)
System memory in use before: 99.8 MB.
System memory in use after: 99.9 MB.

Unloading 19 unused Assets to reduce memory usage. Loaded Objects now: 2626.
Total: 2.071700 ms (FindLiveObjects: 0.196800 ms CreateObjectMapping: 0.088800 ms MarkObjects: 1.735300 ms  DeleteObjects: 0.049700 ms)

========================================================================
Received Prepare
Registering precompiled user dll's ...
Registered in 0.002588 seconds.
Begin MonoManager ReloadAssembly
Native extension for WindowsStandalone target not found
Refreshing native plugins compatible for Editor in 0.43 ms, found 3 plugins.
Preloading 0 native plugins for Editor in 0.00 ms.
Mono: successfully reloaded assembly
- Completed reload, in  0.737 seconds
Platform modules already initialized, skipping
Refreshing native plugins compatible for Editor in 0.38 ms, found 3 plugins.
Preloading 0 native plugins for Editor in 0.00 ms.
Unloading 2099 Unused Serialized files (Serialized files now loaded: 0)
System memory in use before: 99.8 MB.
System memory in use after: 99.9 MB.

Unloading 16 unused Assets to reduce memory usage. Loaded Objects now: 2629.
Total: 1.856900 ms (FindLiveObjects: 0.153700 ms CreateObjectMapping: 0.069800 ms MarkObjects: 1.619500 ms  DeleteObjects: 0.013400 ms)

========================================================================
Received Import Request.
  Time since last request: 131.555140 seconds.
  path: Assets/Script/ClearWave.cs
  artifactKey: Guid(4b4a407e40f905642a30dbbcd7a66fac) Importer(815301076,1909f56bfc062723c751e8b465ee728b)
Start importing Assets/Script/ClearWave.cs using Guid(4b4a407e40f905642a30dbbcd7a66fac) Importer(815301076,1909f56bfc062723c751e8b465ee728b)  -> (artifact id: '8194d8a79583f07e773569a982eccb4f') in 0.003777 seconds
  Import took 0.006121 seconds .

========================================================================
Received Import Request.
  Time since last request: 12.705962 seconds.
  path: Assets/Prefab/Bullet/ClearWave.prefab
  artifactKey: Guid(6f551c5ec98d1864ba715a4d5a164884) Importer(815301076,1909f56bfc062723c751e8b465ee728b)
Start importing Assets/Prefab/Bullet/ClearWave.prefab using Guid(6f551c5ec98d1864ba715a4d5a164884) Importer(815301076,1909f56bfc062723c751e8b465ee728b)  -> (artifact id: '12db383f60962850dc1badbdd128ed30') in 0.042661 seconds
  Import took 0.045625 seconds .

========================================================================
Received Import Request.
  Time since last request: 3.667487 seconds.
  path: Assets/Prefab/Bullet/ClearWave.prefab
  artifactKey: Guid(6f551c5ec98d1864ba715a4d5a164884) Importer(815301076,1909f56bfc062723c751e8b465ee728b)
Start importing Assets/Prefab/Bullet/ClearWave.prefab using Guid(6f551c5ec98d1864ba715a4d5a164884) Importer(815301076,1909f56bfc062723c751e8b465ee728b)  -> (artifact id: 'e9490490fec13c68581863bd0695e6bf') in 0.006644 seconds
  Import took 0.009917 seconds .

========================================================================
Received Prepare
Registering precompiled user dll's ...
Registered in 0.002599 seconds.
Begin MonoManager ReloadAssembly
Native extension for WindowsStandalone target not found
Refreshing native plugins compatible for Editor in 0.44 ms, found 3 plugins.
Preloading 0 native plugins for Editor in 0.00 ms.
Mono: successfully reloaded assembly
- Completed reload, in  0.740 seconds
Platform modules already initialized, skipping
Refreshing native plugins compatible for Editor in 0.42 ms, found 3 plugins.
Preloading 0 native plugins for Editor in 0.00 ms.
Unloading 2099 Unused Serialized files (Serialized files now loaded: 0)
System memory in use before: 99.8 MB.
System memory in use after: 100.0 MB.

Unloading 19 unused Assets to reduce memory usage. Loaded Objects now: 2633.
Total: 2.029200 ms (FindLiveObjects: 0.177900 ms CreateObjectMapping: 0.078200 ms MarkObjects: 1.734600 ms  DeleteObjects: 0.037900 ms)

========================================================================
Received Prepare
Registering precompiled user dll's ...
Registered in 0.002787 seconds.
Begin MonoManager ReloadAssembly
Native extension for WindowsStandalone target not found
Refreshing native plugins compatible for Editor in 0.44 ms, found 3 plugins.
Preloading 0 native plugins for Editor in 0.00 ms.
Mono: successfully reloaded assembly
- Completed reload, in  0.747 seconds
Platform modules already initialized, skipping
Refreshing native plugins compatible for Editor in 0.35 ms, found 3 plugins.
Preloading 0 native plugins for Editor in 0.00 ms.
Unloading 2099 Unused Serialized files (Serialized files now loaded: 0)
System memory in use before: 99.8 MB.
System memory in use after: 100.0 MB.

Unloading 16 unused Assets to reduce memory usage. Loaded Objects now: 2636.
Total: 1.845100 ms (FindLiveObjects: 0.179800 ms CreateObjectMapping: 0.070400 ms MarkObjects: 1.581700 ms  DeleteObjects: 0.012500 ms)

========================================================================
Received Import Request.
  Time since last request: 22.693275 seconds.
  path: Assets/Prefab/Bullet/ClearWave.prefab
  artifactKey: Guid(6f551c5ec98d1864ba715a4d5a164884) Importer(815301076,1909f56bfc062723c751e8b465ee728b)
Start importing Assets/Prefab/Bullet/ClearWave.prefab using Guid(6f551c5ec98d1864ba715a4d5a164884) Importer(815301076,1909f56bfc062723c751e8b465ee728b)  -> (artifact id: 'b43ebab65efe7f0f959bd4cc5aae1b15') in 0.037832 seconds
  Import took 0.040654 seconds .

========================================================================
Received Import Request.
  Time since last request: 0.068782 seconds.
  path: Assets/Prefab/Bullet/ClearWave.prefab
  artifactKey: Guid(6f551c5ec98d1864ba715a4d5a164884) Importer(815301076,1909f56bfc062723c751e8b465ee728b)
Start importing Assets/Prefab/Bullet/ClearWave.prefab using Guid(6f551c5ec98d1864ba715a4d5a164884) Importer(815301076,1909f56bfc062723c751e8b465ee728b)  -> (artifact id: 'b43ebab65efe7f0f959bd4cc5aae1b15') in 0.005724 seconds
  Import took 0.008620 seconds .

========================================================================
Received Prepare
Registering precompiled user dll's ...
Registered in 0.002607 seconds.
Begin MonoManager ReloadAssembly
Native extension for WindowsStandalone target not found
Refreshing native plugins compatible for Editor in 0.53 ms, found 3 plugins.
Preloading 0 native plugins for Editor in 0.00 ms.
Mono: successfully reloaded assembly
- Completed reload, in  0.741 seconds
Platform modules already initialized, skipping
Refreshing native plugins compatible for Editor in 0.37 ms, found 3 plugins.
Preloading 0 native plugins for Editor in 0.00 ms.
Unloading 2099 Unused Serialized files (Serialized files now loaded: 0)
System memory in use before: 99.9 MB.
System memory in use after: 100.0 MB.

Unloading 19 unused Assets to reduce memory usage. Loaded Objects now: 2640.
Total: 1.865400 ms (FindLiveObjects: 0.172100 ms CreateObjectMapping: 0.073600 ms MarkObjects: 1.583000 ms  DeleteObjects: 0.035900 ms)

========================================================================
Received Import Request.
  Time since last request: 7.516840 seconds.
  path: Assets/Prefab/Bullet/ClearWave.prefab
  artifactKey: Guid(6f551c5ec98d1864ba715a4d5a164884) Importer(815301076,1909f56bfc062723c751e8b465ee728b)
Start importing Assets/Prefab/Bullet/ClearWave.prefab using Guid(6f551c5ec98d1864ba715a4d5a164884) Importer(815301076,1909f56bfc062723c751e8b465ee728b)  -> (artifact id: '940a42fe23375e839363f3b3d6c84360') in 0.035902 seconds
  Import took 0.038516 seconds .

========================================================================
Received Prepare
Registering precompiled user dll's ...
Registered in 0.002634 seconds.
Begin MonoManager ReloadAssembly
Native extension for WindowsStandalone target not found
Refreshing native plugins compatible for Editor in 0.37 ms, found 3 plugins.
Preloading 0 native plugins for Editor in 0.00 ms.
Mono: successfully reloaded assembly
- Completed reload, in  0.743 seconds
Platform modules already initialized, skipping
Refreshing native plugins compatible for Editor in 0.42 ms, found 3 plugins.
Preloading 0 native plugins for Editor in 0.00 ms.
Unloading 2099 Unused Serialized files (Serialized files now loaded: 0)
System memory in use before: 99.9 MB.
System memory in use after: 100.0 MB.

Unloading 19 unused Assets to reduce memory usage. Loaded Objects now: 2644.
Total: 1.946400 ms (FindLiveObjects: 0.191700 ms CreateObjectMapping: 0.084700 ms MarkObjects: 1.625500 ms  DeleteObjects: 0.043800 ms)

========================================================================
Received Prepare
Registering precompiled user dll's ...
Registered in 0.002616 seconds.
Begin MonoManager ReloadAssembly
Native extension for WindowsStandalone target not found
Refreshing native plugins compatible for Editor in 0.44 ms, found 3 plugins.
Preloading 0 native plugins for Editor in 0.00 ms.
Mono: successfully reloaded assembly
- Completed reload, in  0.739 seconds
Platform modules already initialized, skipping
Refreshing native plugins compatible for Editor in 0.40 ms, found 3 plugins.
Preloading 0 native plugins for Editor in 0.00 ms.
Unloading 2099 Unused Serialized files (Serialized files now loaded: 0)
System memory in use before: 99.9 MB.
System memory in use after: 100.0 MB.

Unloading 16 unused Assets to reduce memory usage. Loaded Objects now: 2647.
Total: 1.856100 ms (FindLiveObjects: 0.152500 ms CreateObjectMapping: 0.062900 ms MarkObjects: 1.627500 ms  DeleteObjects: 0.012700 ms)

========================================================================
Received Prepare
Registering precompiled user dll's ...
Registered in 0.002657 seconds.
Begin MonoManager ReloadAssembly
Native extension for WindowsStandalone target not found
Refreshing native plugins compatible for Editor in 0.43 ms, found 3 plugins.
Preloading 0 native plugins for Editor in 0.00 ms.
Mono: successfully reloaded assembly
- Completed reload, in  0.751 seconds
Platform modules already initialized, skipping
Refreshing native plugins compatible for Editor in 0.45 ms, found 3 plugins.
Preloading 0 native plugins for Editor in 0.00 ms.
Unloading 2099 Unused Serialized files (Serialized files now loaded: 0)
System memory in use before: 99.9 MB.
System memory in use after: 100.0 MB.

Unloading 16 unused Assets to reduce memory usage. Loaded Objects now: 2650.
Total: 1.771100 ms (FindLiveObjects: 0.194900 ms CreateObjectMapping: 0.073100 ms MarkObjects: 1.487900 ms  DeleteObjects: 0.014500 ms)

AssetImportWorkerClient::OnTransportError - code=2 error=End of file
