Using pre-set license
Built from '2020.3/staging' branch; Version is '2020.3.10f1 (297d780c91bc) revision 2719096'; Using compiler version '192528614'; Build Type 'Release'
OS: 'Windows 10 Home; OS build 19043.1466; Version 2009; 64bit' Language: 'ko' Physical Memory: 16328 MB
BatchMode: 1, IsHumanControllingUs: 0, StartBugReporterOnCrash: 0, Is64bit: 1, IsPro: 0

 COMMAND LINE ARGUMENTS:
D:\Program Files (x86)\Unity\2020.3.10f1\Editor\Unity.exe
-adb2
-batchMode
-noUpm
-name
AssetImportWorker2
-projectPath
C:/Users/lsnan/Documents/GitHub/Survivor_
-logFile
Logs/AssetImportWorker2.log
-srvPort
50361
Successfully changed project path to: C:/Users/lsnan/Documents/GitHub/Survivor_
C:/Users/lsnan/Documents/GitHub/Survivor_
Using Asset Import Pipeline V2.
Refreshing native plugins compatible for Editor in 45.75 ms, found 3 plugins.
Preloading 0 native plugins for Editor in 0.00 ms.
Initialize engine version: 2020.3.10f1 (297d780c91bc)
[Subsystems] Discovering subsystems at path D:/Program Files (x86)/Unity/2020.3.10f1/Editor/Data/Resources/UnitySubsystems
[Subsystems] Discovering subsystems at path C:/Users/lsnan/Documents/GitHub/Survivor_/Assets
GfxDevice: creating device client; threaded=0
Direct3D:
    Version:  Direct3D 11.0 [level 11.1]
    Renderer: Radeon RX 570 Series (ID=0x67df)
    Vendor:   
    VRAM:     8171 MB
    Driver:   30.0.13023.1012
Initialize mono
Mono path[0] = 'D:/Program Files (x86)/Unity/2020.3.10f1/Editor/Data/Managed'
Mono path[1] = 'D:/Program Files (x86)/Unity/2020.3.10f1/Editor/Data/MonoBleedingEdge/lib/mono/unityjit'
Mono config path = 'D:/Program Files (x86)/Unity/2020.3.10f1/Editor/Data/MonoBleedingEdge/etc'
Using monoOptions --debugger-agent=transport=dt_socket,embedding=1,server=y,suspend=n,address=127.0.0.1:56916
Begin MonoManager ReloadAssembly
Registering precompiled unity dll's ...
Register platform support module: D:/Program Files (x86)/Unity/2020.3.10f1/Editor/Data/PlaybackEngines/WindowsStandaloneSupport/UnityEditor.WindowsStandalone.Extensions.dll
Registered in 0.001007 seconds.
Native extension for WindowsStandalone target not found
Refreshing native plugins compatible for Editor in 49.98 ms, found 3 plugins.
Preloading 0 native plugins for Editor in 0.00 ms.
Mono: successfully reloaded assembly
- Completed reload, in  1.340 seconds
Platform modules already initialized, skipping
Registering precompiled user dll's ...
Registered in 0.004938 seconds.
Begin MonoManager ReloadAssembly
Native extension for WindowsStandalone target not found
Refreshing native plugins compatible for Editor in 59.02 ms, found 3 plugins.
Preloading 0 native plugins for Editor in 0.00 ms.
Mono: successfully reloaded assembly
- Completed reload, in  1.419 seconds
Platform modules already initialized, skipping
========================================================================
Worker process is ready to serve import requests
Launched and connected shader compiler UnityShaderCompiler.exe after 0.05 seconds
Refreshing native plugins compatible for Editor in 0.46 ms, found 3 plugins.
Preloading 0 native plugins for Editor in 0.00 ms.
Unloading 2102 Unused Serialized files (Serialized files now loaded: 0)
System memory in use before: 97.8 MB.
System memory in use after: 97.9 MB.

Unloading 28 unused Assets to reduce memory usage. Loaded Objects now: 2541.
Total: 3.262100 ms (FindLiveObjects: 0.227500 ms CreateObjectMapping: 0.092200 ms MarkObjects: 2.857000 ms  DeleteObjects: 0.083300 ms)

========================================================================
Received Import Request.
  path: Assets/Prefab/Player
  artifactKey: Guid(b584ce332f26d06488b70ddb5d97a6a4) Importer(815301076,1909f56bfc062723c751e8b465ee728b)
Start importing Assets/Prefab/Player using Guid(b584ce332f26d06488b70ddb5d97a6a4) Importer(815301076,1909f56bfc062723c751e8b465ee728b)  -> (artifact id: '7754a525a7b765e018876a60b87fe32f') in 0.003714 seconds
  Import took 0.006843 seconds .

========================================================================
Received Import Request.
  Time since last request: 0.038996 seconds.
  path: Assets/Prefab/Player
  artifactKey: Guid(b584ce332f26d06488b70ddb5d97a6a4) Importer(815301076,1909f56bfc062723c751e8b465ee728b)
Start importing Assets/Prefab/Player using Guid(b584ce332f26d06488b70ddb5d97a6a4) Importer(815301076,1909f56bfc062723c751e8b465ee728b)  -> (artifact id: '7754a525a7b765e018876a60b87fe32f') in 0.001830 seconds
  Import took 0.005690 seconds .

========================================================================
Received Import Request.
  Time since last request: 3.007461 seconds.
  path: Assets/Prefab/Player/Player.prefab
  artifactKey: Guid(3a24ee7378a4ae44b9c6eb829e3ea57d) Importer(815301076,1909f56bfc062723c751e8b465ee728b)
Start importing Assets/Prefab/Player/Player.prefab using Guid(3a24ee7378a4ae44b9c6eb829e3ea57d) Importer(815301076,1909f56bfc062723c751e8b465ee728b)  -> (artifact id: 'c27951d31f7ee53bb738a62767cc84c0') in 0.153710 seconds
  Import took 0.158275 seconds .

========================================================================
Received Import Request.
  Time since last request: 0.038311 seconds.
  path: Assets/Prefab/Player/Player.prefab
  artifactKey: Guid(3a24ee7378a4ae44b9c6eb829e3ea57d) Importer(815301076,1909f56bfc062723c751e8b465ee728b)
Start importing Assets/Prefab/Player/Player.prefab using Guid(3a24ee7378a4ae44b9c6eb829e3ea57d) Importer(815301076,1909f56bfc062723c751e8b465ee728b)  -> (artifact id: 'c27951d31f7ee53bb738a62767cc84c0') in 0.013187 seconds
  Import took 0.073604 seconds .

========================================================================
Received Import Request.
  Time since last request: 17.274290 seconds.
  path: Assets/Prefab/Player/Player.prefab
  artifactKey: Guid(3a24ee7378a4ae44b9c6eb829e3ea57d) Importer(815301076,1909f56bfc062723c751e8b465ee728b)
Start importing Assets/Prefab/Player/Player.prefab using Guid(3a24ee7378a4ae44b9c6eb829e3ea57d) Importer(815301076,1909f56bfc062723c751e8b465ee728b)  -> (artifact id: '8a9e119eda29525dd0203a96727d10da') in 0.012601 seconds
  Import took 0.016263 seconds .

========================================================================
Received Import Request.
  Time since last request: 0.009794 seconds.
  path: Assets/Prefab/Player/Player.prefab
  artifactKey: Guid(3a24ee7378a4ae44b9c6eb829e3ea57d) Importer(815301076,1909f56bfc062723c751e8b465ee728b)
Start importing Assets/Prefab/Player/Player.prefab using Guid(3a24ee7378a4ae44b9c6eb829e3ea57d) Importer(815301076,1909f56bfc062723c751e8b465ee728b)  -> (artifact id: '8a9e119eda29525dd0203a96727d10da') in 0.011250 seconds
  Import took 0.014609 seconds .

========================================================================
Received Import Request.
  Time since last request: 0.339283 seconds.
  path: Assets/Prefab/Player/Player.prefab
  artifactKey: Guid(3a24ee7378a4ae44b9c6eb829e3ea57d) Importer(815301076,1909f56bfc062723c751e8b465ee728b)
Start importing Assets/Prefab/Player/Player.prefab using Guid(3a24ee7378a4ae44b9c6eb829e3ea57d) Importer(815301076,1909f56bfc062723c751e8b465ee728b)  -> (artifact id: 'b3dc821959d22742d7175b77473a6150') in 0.011892 seconds
  Import took 0.016229 seconds .

========================================================================
Received Import Request.
  Time since last request: 0.021375 seconds.
  path: Assets/Prefab/Player/Player.prefab
  artifactKey: Guid(3a24ee7378a4ae44b9c6eb829e3ea57d) Importer(815301076,1909f56bfc062723c751e8b465ee728b)
Start importing Assets/Prefab/Player/Player.prefab using Guid(3a24ee7378a4ae44b9c6eb829e3ea57d) Importer(815301076,1909f56bfc062723c751e8b465ee728b)  -> (artifact id: 'b3dc821959d22742d7175b77473a6150') in 0.012167 seconds
  Import took 0.015572 seconds .

========================================================================
Received Import Request.
  Time since last request: 0.119362 seconds.
  path: Assets/Prefab/Player/Player.prefab
  artifactKey: Guid(3a24ee7378a4ae44b9c6eb829e3ea57d) Importer(815301076,1909f56bfc062723c751e8b465ee728b)
Start importing Assets/Prefab/Player/Player.prefab using Guid(3a24ee7378a4ae44b9c6eb829e3ea57d) Importer(815301076,1909f56bfc062723c751e8b465ee728b)  -> (artifact id: '9647b1c002e643d5292caa40716d756f') in 0.009895 seconds
  Import took 0.013943 seconds .

========================================================================
Received Import Request.
  Time since last request: 0.037008 seconds.
  path: Assets/Prefab/Player/Player.prefab
  artifactKey: Guid(3a24ee7378a4ae44b9c6eb829e3ea57d) Importer(815301076,1909f56bfc062723c751e8b465ee728b)
Start importing Assets/Prefab/Player/Player.prefab using Guid(3a24ee7378a4ae44b9c6eb829e3ea57d) Importer(815301076,1909f56bfc062723c751e8b465ee728b)  -> (artifact id: '9647b1c002e643d5292caa40716d756f') in 0.009362 seconds
  Import took 0.013426 seconds .

========================================================================
Received Import Request.
  Time since last request: 0.155798 seconds.
  path: Assets/Prefab/Player/Player.prefab
  artifactKey: Guid(3a24ee7378a4ae44b9c6eb829e3ea57d) Importer(815301076,1909f56bfc062723c751e8b465ee728b)
Start importing Assets/Prefab/Player/Player.prefab using Guid(3a24ee7378a4ae44b9c6eb829e3ea57d) Importer(815301076,1909f56bfc062723c751e8b465ee728b)  -> (artifact id: '067f88250dc43a66646da155ed5b8968') in 0.009888 seconds
  Import took 0.013038 seconds .

========================================================================
Received Import Request.
  Time since last request: 0.020214 seconds.
  path: Assets/Prefab/Player/Player.prefab
  artifactKey: Guid(3a24ee7378a4ae44b9c6eb829e3ea57d) Importer(815301076,1909f56bfc062723c751e8b465ee728b)
Start importing Assets/Prefab/Player/Player.prefab using Guid(3a24ee7378a4ae44b9c6eb829e3ea57d) Importer(815301076,1909f56bfc062723c751e8b465ee728b)  -> (artifact id: '067f88250dc43a66646da155ed5b8968') in 0.009869 seconds
  Import took 0.013124 seconds .

========================================================================
Received Import Request.
  Time since last request: 0.159450 seconds.
  path: Assets/Prefab/Player/Player.prefab
  artifactKey: Guid(3a24ee7378a4ae44b9c6eb829e3ea57d) Importer(815301076,1909f56bfc062723c751e8b465ee728b)
Start importing Assets/Prefab/Player/Player.prefab using Guid(3a24ee7378a4ae44b9c6eb829e3ea57d) Importer(815301076,1909f56bfc062723c751e8b465ee728b)  -> (artifact id: 'f3f55bc4302ec82c21cf6a5b3f5868bc') in 0.011182 seconds
  Import took 0.014682 seconds .

========================================================================
Received Import Request.
  Time since last request: 0.019335 seconds.
  path: Assets/Prefab/Player/Player.prefab
  artifactKey: Guid(3a24ee7378a4ae44b9c6eb829e3ea57d) Importer(815301076,1909f56bfc062723c751e8b465ee728b)
Start importing Assets/Prefab/Player/Player.prefab using Guid(3a24ee7378a4ae44b9c6eb829e3ea57d) Importer(815301076,1909f56bfc062723c751e8b465ee728b)  -> (artifact id: 'f3f55bc4302ec82c21cf6a5b3f5868bc') in 0.011143 seconds
  Import took 0.016291 seconds .

========================================================================
Received Import Request.
  Time since last request: 0.161645 seconds.
  path: Assets/Prefab/Player/Player.prefab
  artifactKey: Guid(3a24ee7378a4ae44b9c6eb829e3ea57d) Importer(815301076,1909f56bfc062723c751e8b465ee728b)
Start importing Assets/Prefab/Player/Player.prefab using Guid(3a24ee7378a4ae44b9c6eb829e3ea57d) Importer(815301076,1909f56bfc062723c751e8b465ee728b)  -> (artifact id: '14af47b47d57cb02ac6e2cc4000ceb07') in 0.010059 seconds
  Import took 0.014699 seconds .

========================================================================
Received Import Request.
  Time since last request: 0.018983 seconds.
  path: Assets/Prefab/Player/Player.prefab
  artifactKey: Guid(3a24ee7378a4ae44b9c6eb829e3ea57d) Importer(815301076,1909f56bfc062723c751e8b465ee728b)
Start importing Assets/Prefab/Player/Player.prefab using Guid(3a24ee7378a4ae44b9c6eb829e3ea57d) Importer(815301076,1909f56bfc062723c751e8b465ee728b)  -> (artifact id: '14af47b47d57cb02ac6e2cc4000ceb07') in 0.010196 seconds
  Import took 0.013900 seconds .

========================================================================
Received Import Request.
  Time since last request: 0.155056 seconds.
  path: Assets/Prefab/Player/Player.prefab
  artifactKey: Guid(3a24ee7378a4ae44b9c6eb829e3ea57d) Importer(815301076,1909f56bfc062723c751e8b465ee728b)
Start importing Assets/Prefab/Player/Player.prefab using Guid(3a24ee7378a4ae44b9c6eb829e3ea57d) Importer(815301076,1909f56bfc062723c751e8b465ee728b)  -> (artifact id: 'ab7d62b4f5292a6fec1879bda01a210e') in 0.011160 seconds
  Import took 0.015773 seconds .

========================================================================
Received Import Request.
  Time since last request: 0.017670 seconds.
  path: Assets/Prefab/Player/Player.prefab
  artifactKey: Guid(3a24ee7378a4ae44b9c6eb829e3ea57d) Importer(815301076,1909f56bfc062723c751e8b465ee728b)
Start importing Assets/Prefab/Player/Player.prefab using Guid(3a24ee7378a4ae44b9c6eb829e3ea57d) Importer(815301076,1909f56bfc062723c751e8b465ee728b)  -> (artifact id: 'ab7d62b4f5292a6fec1879bda01a210e') in 0.010331 seconds
  Import took 0.014283 seconds .

========================================================================
Received Import Request.
  Time since last request: 0.215592 seconds.
  path: Assets/Prefab/Player/Player.prefab
  artifactKey: Guid(3a24ee7378a4ae44b9c6eb829e3ea57d) Importer(815301076,1909f56bfc062723c751e8b465ee728b)
Start importing Assets/Prefab/Player/Player.prefab using Guid(3a24ee7378a4ae44b9c6eb829e3ea57d) Importer(815301076,1909f56bfc062723c751e8b465ee728b)  -> (artifact id: '7f3ac5f5e281fbe78077e386771a9ab2') in 0.014207 seconds
  Import took 0.018240 seconds .

========================================================================
Received Import Request.
  Time since last request: 0.015000 seconds.
  path: Assets/Prefab/Player/Player.prefab
  artifactKey: Guid(3a24ee7378a4ae44b9c6eb829e3ea57d) Importer(815301076,1909f56bfc062723c751e8b465ee728b)
Start importing Assets/Prefab/Player/Player.prefab using Guid(3a24ee7378a4ae44b9c6eb829e3ea57d) Importer(815301076,1909f56bfc062723c751e8b465ee728b)  -> (artifact id: '7f3ac5f5e281fbe78077e386771a9ab2') in 0.010179 seconds
  Import took 0.014326 seconds .

========================================================================
Received Import Request.
  Time since last request: 0.330844 seconds.
  path: Assets/Prefab/Player/Player.prefab
  artifactKey: Guid(3a24ee7378a4ae44b9c6eb829e3ea57d) Importer(815301076,1909f56bfc062723c751e8b465ee728b)
Start importing Assets/Prefab/Player/Player.prefab using Guid(3a24ee7378a4ae44b9c6eb829e3ea57d) Importer(815301076,1909f56bfc062723c751e8b465ee728b)  -> (artifact id: 'f075bb3322701da6a2c5a7ebd8bf56b1') in 0.009680 seconds
  Import took 0.014073 seconds .

========================================================================
Received Import Request.
  Time since last request: 0.021712 seconds.
  path: Assets/Prefab/Player/Player.prefab
  artifactKey: Guid(3a24ee7378a4ae44b9c6eb829e3ea57d) Importer(815301076,1909f56bfc062723c751e8b465ee728b)
Start importing Assets/Prefab/Player/Player.prefab using Guid(3a24ee7378a4ae44b9c6eb829e3ea57d) Importer(815301076,1909f56bfc062723c751e8b465ee728b)  -> (artifact id: 'f075bb3322701da6a2c5a7ebd8bf56b1') in 0.011256 seconds
  Import took 0.014856 seconds .

========================================================================
Received Import Request.
  Time since last request: 0.158929 seconds.
  path: Assets/Prefab/Player/Player.prefab
  artifactKey: Guid(3a24ee7378a4ae44b9c6eb829e3ea57d) Importer(815301076,1909f56bfc062723c751e8b465ee728b)
Start importing Assets/Prefab/Player/Player.prefab using Guid(3a24ee7378a4ae44b9c6eb829e3ea57d) Importer(815301076,1909f56bfc062723c751e8b465ee728b)  -> (artifact id: '44d1a2659102e0c4428fbe9c44d7d64c') in 0.009664 seconds
  Import took 0.013093 seconds .

========================================================================
Received Import Request.
  Time since last request: 0.019804 seconds.
  path: Assets/Prefab/Player/Player.prefab
  artifactKey: Guid(3a24ee7378a4ae44b9c6eb829e3ea57d) Importer(815301076,1909f56bfc062723c751e8b465ee728b)
Start importing Assets/Prefab/Player/Player.prefab using Guid(3a24ee7378a4ae44b9c6eb829e3ea57d) Importer(815301076,1909f56bfc062723c751e8b465ee728b)  -> (artifact id: '44d1a2659102e0c4428fbe9c44d7d64c') in 0.012848 seconds
  Import took 0.017100 seconds .

========================================================================
Received Import Request.
  Time since last request: 4.205121 seconds.
  path: Assets/Prefab/Player/Player.prefab
  artifactKey: Guid(3a24ee7378a4ae44b9c6eb829e3ea57d) Importer(815301076,1909f56bfc062723c751e8b465ee728b)
Start importing Assets/Prefab/Player/Player.prefab using Guid(3a24ee7378a4ae44b9c6eb829e3ea57d) Importer(815301076,1909f56bfc062723c751e8b465ee728b)  -> (artifact id: '1461dd32d42ab355083e1448820fb723') in 0.011731 seconds
  Import took 0.017012 seconds .

========================================================================
Received Prepare
Registering precompiled user dll's ...
Registered in 0.003678 seconds.
Begin MonoManager ReloadAssembly
Native extension for WindowsStandalone target not found
Refreshing native plugins compatible for Editor in 0.46 ms, found 3 plugins.
Preloading 0 native plugins for Editor in 0.00 ms.
Mono: successfully reloaded assembly
- Completed reload, in  1.127 seconds
Platform modules already initialized, skipping
Refreshing native plugins compatible for Editor in 0.45 ms, found 3 plugins.
Preloading 0 native plugins for Editor in 0.00 ms.
Unloading 2079 Unused Serialized files (Serialized files now loaded: 0)
System memory in use before: 99.2 MB.
System memory in use after: 99.3 MB.

Unloading 16 unused Assets to reduce memory usage. Loaded Objects now: 2551.
Total: 2.024200 ms (FindLiveObjects: 0.183800 ms CreateObjectMapping: 0.080700 ms MarkObjects: 1.677500 ms  DeleteObjects: 0.081300 ms)

========================================================================
Received Prepare
Registering precompiled user dll's ...
Registered in 0.003560 seconds.
Begin MonoManager ReloadAssembly
Native extension for WindowsStandalone target not found
Refreshing native plugins compatible for Editor in 0.45 ms, found 3 plugins.
Preloading 0 native plugins for Editor in 0.00 ms.
Mono: successfully reloaded assembly
- Completed reload, in  1.035 seconds
Platform modules already initialized, skipping
Refreshing native plugins compatible for Editor in 0.48 ms, found 3 plugins.
Preloading 0 native plugins for Editor in 0.00 ms.
Unloading 2079 Unused Serialized files (Serialized files now loaded: 0)
System memory in use before: 99.2 MB.
System memory in use after: 99.3 MB.

Unloading 16 unused Assets to reduce memory usage. Loaded Objects now: 2554.
Total: 2.645500 ms (FindLiveObjects: 0.179400 ms CreateObjectMapping: 0.082500 ms MarkObjects: 2.359500 ms  DeleteObjects: 0.023100 ms)

========================================================================
Received Prepare
Registering precompiled user dll's ...
Registered in 0.003929 seconds.
Begin MonoManager ReloadAssembly
Native extension for WindowsStandalone target not found
Refreshing native plugins compatible for Editor in 0.54 ms, found 3 plugins.
Preloading 0 native plugins for Editor in 0.00 ms.
Mono: successfully reloaded assembly
- Completed reload, in  1.175 seconds
Platform modules already initialized, skipping
Refreshing native plugins compatible for Editor in 0.51 ms, found 3 plugins.
Preloading 0 native plugins for Editor in 0.00 ms.
Unloading 2079 Unused Serialized files (Serialized files now loaded: 0)
System memory in use before: 99.2 MB.
System memory in use after: 99.3 MB.

Unloading 16 unused Assets to reduce memory usage. Loaded Objects now: 2557.
Total: 3.702500 ms (FindLiveObjects: 0.736800 ms CreateObjectMapping: 0.270500 ms MarkObjects: 2.674900 ms  DeleteObjects: 0.019100 ms)

========================================================================
Received Prepare
Registering precompiled user dll's ...
Registered in 0.004208 seconds.
Begin MonoManager ReloadAssembly
Native extension for WindowsStandalone target not found
Refreshing native plugins compatible for Editor in 0.47 ms, found 3 plugins.
Preloading 0 native plugins for Editor in 0.00 ms.
Mono: successfully reloaded assembly
- Completed reload, in  1.390 seconds
Platform modules already initialized, skipping
Refreshing native plugins compatible for Editor in 0.47 ms, found 3 plugins.
Preloading 0 native plugins for Editor in 0.00 ms.
Unloading 2079 Unused Serialized files (Serialized files now loaded: 0)
System memory in use before: 99.2 MB.
System memory in use after: 99.4 MB.

Unloading 16 unused Assets to reduce memory usage. Loaded Objects now: 2560.
Total: 2.701400 ms (FindLiveObjects: 0.178600 ms CreateObjectMapping: 0.078600 ms MarkObjects: 2.423700 ms  DeleteObjects: 0.019400 ms)

========================================================================
Received Prepare
Registering precompiled user dll's ...
Registered in 0.003564 seconds.
Begin MonoManager ReloadAssembly
Native extension for WindowsStandalone target not found
Refreshing native plugins compatible for Editor in 0.46 ms, found 3 plugins.
Preloading 0 native plugins for Editor in 0.00 ms.
Mono: successfully reloaded assembly
- Completed reload, in  1.099 seconds
Platform modules already initialized, skipping
Refreshing native plugins compatible for Editor in 0.54 ms, found 3 plugins.
Preloading 0 native plugins for Editor in 0.00 ms.
Unloading 2079 Unused Serialized files (Serialized files now loaded: 0)
System memory in use before: 99.3 MB.
System memory in use after: 99.4 MB.

Unloading 16 unused Assets to reduce memory usage. Loaded Objects now: 2563.
Total: 2.160700 ms (FindLiveObjects: 0.200200 ms CreateObjectMapping: 0.148800 ms MarkObjects: 1.792600 ms  DeleteObjects: 0.017600 ms)

========================================================================
Received Prepare
Registering precompiled user dll's ...
Registered in 0.003835 seconds.
Begin MonoManager ReloadAssembly
Native extension for WindowsStandalone target not found
Refreshing native plugins compatible for Editor in 0.51 ms, found 3 plugins.
Preloading 0 native plugins for Editor in 0.00 ms.
Mono: successfully reloaded assembly
- Completed reload, in  1.049 seconds
Platform modules already initialized, skipping
Refreshing native plugins compatible for Editor in 1.43 ms, found 3 plugins.
Preloading 0 native plugins for Editor in 0.00 ms.
Unloading 2079 Unused Serialized files (Serialized files now loaded: 0)
System memory in use before: 99.3 MB.
System memory in use after: 99.4 MB.

Unloading 16 unused Assets to reduce memory usage. Loaded Objects now: 2566.
Total: 3.337000 ms (FindLiveObjects: 0.169900 ms CreateObjectMapping: 0.072600 ms MarkObjects: 3.070200 ms  DeleteObjects: 0.022800 ms)

========================================================================
Received Prepare
Registering precompiled user dll's ...
Registered in 0.005411 seconds.
Begin MonoManager ReloadAssembly
Native extension for WindowsStandalone target not found
Refreshing native plugins compatible for Editor in 0.47 ms, found 3 plugins.
Preloading 0 native plugins for Editor in 0.00 ms.
Mono: successfully reloaded assembly
- Completed reload, in  1.048 seconds
Platform modules already initialized, skipping
Refreshing native plugins compatible for Editor in 0.62 ms, found 3 plugins.
Preloading 0 native plugins for Editor in 0.00 ms.
Unloading 2079 Unused Serialized files (Serialized files now loaded: 0)
System memory in use before: 99.3 MB.
System memory in use after: 99.4 MB.

Unloading 16 unused Assets to reduce memory usage. Loaded Objects now: 2569.
Total: 2.070100 ms (FindLiveObjects: 0.191200 ms CreateObjectMapping: 0.076900 ms MarkObjects: 1.784800 ms  DeleteObjects: 0.016500 ms)

========================================================================
Received Prepare
Registering precompiled user dll's ...
Registered in 0.003742 seconds.
Begin MonoManager ReloadAssembly
Native extension for WindowsStandalone target not found
Refreshing native plugins compatible for Editor in 0.54 ms, found 3 plugins.
Preloading 0 native plugins for Editor in 0.00 ms.
Mono: successfully reloaded assembly
- Completed reload, in  1.042 seconds
Platform modules already initialized, skipping
Refreshing native plugins compatible for Editor in 0.46 ms, found 3 plugins.
Preloading 0 native plugins for Editor in 0.00 ms.
Unloading 2079 Unused Serialized files (Serialized files now loaded: 0)
System memory in use before: 99.3 MB.
System memory in use after: 99.4 MB.

Unloading 16 unused Assets to reduce memory usage. Loaded Objects now: 2572.
Total: 2.187200 ms (FindLiveObjects: 0.264900 ms CreateObjectMapping: 0.082600 ms MarkObjects: 1.821500 ms  DeleteObjects: 0.016900 ms)

========================================================================
Received Prepare
Registering precompiled user dll's ...
Registered in 0.003998 seconds.
Begin MonoManager ReloadAssembly
Native extension for WindowsStandalone target not found
Refreshing native plugins compatible for Editor in 0.54 ms, found 3 plugins.
Preloading 0 native plugins for Editor in 0.00 ms.
Mono: successfully reloaded assembly
- Completed reload, in  1.018 seconds
Platform modules already initialized, skipping
Refreshing native plugins compatible for Editor in 0.46 ms, found 3 plugins.
Preloading 0 native plugins for Editor in 0.00 ms.
Unloading 2079 Unused Serialized files (Serialized files now loaded: 0)
System memory in use before: 99.3 MB.
System memory in use after: 99.4 MB.

Unloading 16 unused Assets to reduce memory usage. Loaded Objects now: 2575.
Total: 2.087300 ms (FindLiveObjects: 0.163600 ms CreateObjectMapping: 0.064500 ms MarkObjects: 1.840400 ms  DeleteObjects: 0.017400 ms)

========================================================================
Received Prepare
Registering precompiled user dll's ...
Registered in 0.003574 seconds.
Begin MonoManager ReloadAssembly
Native extension for WindowsStandalone target not found
Refreshing native plugins compatible for Editor in 0.46 ms, found 3 plugins.
Preloading 0 native plugins for Editor in 0.00 ms.
Mono: successfully reloaded assembly
- Completed reload, in  1.010 seconds
Platform modules already initialized, skipping
Refreshing native plugins compatible for Editor in 0.50 ms, found 3 plugins.
Preloading 0 native plugins for Editor in 0.00 ms.
Unloading 2079 Unused Serialized files (Serialized files now loaded: 0)
System memory in use before: 99.3 MB.
System memory in use after: 99.4 MB.

Unloading 16 unused Assets to reduce memory usage. Loaded Objects now: 2578.
Total: 2.000200 ms (FindLiveObjects: 0.166600 ms CreateObjectMapping: 0.069500 ms MarkObjects: 1.747900 ms  DeleteObjects: 0.015300 ms)

========================================================================
Received Prepare
Registering precompiled user dll's ...
Registered in 0.003512 seconds.
Begin MonoManager ReloadAssembly
Native extension for WindowsStandalone target not found
Refreshing native plugins compatible for Editor in 0.49 ms, found 3 plugins.
Preloading 0 native plugins for Editor in 0.00 ms.
Mono: successfully reloaded assembly
- Completed reload, in  1.299 seconds
Platform modules already initialized, skipping
Refreshing native plugins compatible for Editor in 0.48 ms, found 3 plugins.
Preloading 0 native plugins for Editor in 0.00 ms.
Unloading 2079 Unused Serialized files (Serialized files now loaded: 0)
System memory in use before: 99.3 MB.
System memory in use after: 99.4 MB.

Unloading 16 unused Assets to reduce memory usage. Loaded Objects now: 2581.
Total: 2.394900 ms (FindLiveObjects: 0.196700 ms CreateObjectMapping: 0.083600 ms MarkObjects: 2.076800 ms  DeleteObjects: 0.036000 ms)

========================================================================
Received Prepare
Registering precompiled user dll's ...
Registered in 0.004245 seconds.
Begin MonoManager ReloadAssembly
Native extension for WindowsStandalone target not found
Refreshing native plugins compatible for Editor in 0.48 ms, found 3 plugins.
Preloading 0 native plugins for Editor in 0.00 ms.
Mono: successfully reloaded assembly
- Completed reload, in  1.064 seconds
Platform modules already initialized, skipping
Refreshing native plugins compatible for Editor in 0.51 ms, found 3 plugins.
Preloading 0 native plugins for Editor in 0.00 ms.
Unloading 2079 Unused Serialized files (Serialized files now loaded: 0)
System memory in use before: 99.3 MB.
System memory in use after: 99.4 MB.

Unloading 16 unused Assets to reduce memory usage. Loaded Objects now: 2584.
Total: 2.015100 ms (FindLiveObjects: 0.204100 ms CreateObjectMapping: 0.099300 ms MarkObjects: 1.694300 ms  DeleteObjects: 0.016200 ms)

========================================================================
Received Prepare
Registering precompiled user dll's ...
Registered in 0.003441 seconds.
Begin MonoManager ReloadAssembly
Native extension for WindowsStandalone target not found
Refreshing native plugins compatible for Editor in 0.46 ms, found 3 plugins.
Preloading 0 native plugins for Editor in 0.00 ms.
Mono: successfully reloaded assembly
- Completed reload, in  1.021 seconds
Platform modules already initialized, skipping
Refreshing native plugins compatible for Editor in 0.47 ms, found 3 plugins.
Preloading 0 native plugins for Editor in 0.00 ms.
Unloading 2079 Unused Serialized files (Serialized files now loaded: 0)
System memory in use before: 99.3 MB.
System memory in use after: 99.4 MB.

Unloading 16 unused Assets to reduce memory usage. Loaded Objects now: 2587.
Total: 2.372600 ms (FindLiveObjects: 0.163600 ms CreateObjectMapping: 0.065200 ms MarkObjects: 2.120800 ms  DeleteObjects: 0.021500 ms)

AssetImportWorkerClient::OnTransportError - code=2 error=End of file
